#
# A fatal error has been detected by the Java Runtime Environment:
#
#  SIGSEGV (0xb) at pc=0x00000001015cfc9c, pid=64063, tid=14083
#
# JRE version: OpenJDK Runtime Environment (11.0.15+10) (build 11.0.15+10-LTS)
# Java VM: OpenJDK 64-Bit Server VM (11.0.15+10-LTS, mixed mode, tiered, compressed oops, g1 gc, bsd-aarch64)
# Problematic frame:
# V  [libjvm.dylib+0x2dbc9c]  _ZN14GenerateOopMap8do_fieldEiiii+0x68
#
# No core dump will be written. Core dumps have been disabled. To enable core dumping, try "ulimit -c unlimited" before starting Java again
#
# If you would like to submit a bug report, please visit:
#   https://bell-sw.com/support
#

---------------  S U M M A R Y ------------

Command Line: -agentlib:jdwp=transport=dt_socket,address=127.0.0.1:57269,suspend=y,server=n -ea -Didea.test.cyclic.buffer.size=1048576 -javaagent:/Users/cgathmann/Library/Caches/JetBrains/IntelliJIdea2022.1/captureAgent/debugger-agent.jar -Dfile.encoding=UTF-8 com.intellij.rt.junit.JUnitStarter -ideVersion5 -junit5 dhl.controller.player_logic.AITest,chooseCard

Host: MacBookPro18,3 arm64 1 MHz, 8 cores, 16G, Darwin 22.0.0
Time: Wed Jul 13 15:41:14 2022 CEST elapsed time: 659.920642 seconds (0d 0h 10m 59s)

---------------  T H R E A D  ---------------

Current thread (0x000000014d055000):  VMThread "VM Thread" [stack: 0x000000017052c000,0x000000017072f000] [id=14083]

Stack: [0x000000017052c000,0x000000017072f000],  sp=0x000000017072e590,  free space=2057k
Native frames: (J=compiled Java code, A=aot compiled Java code, j=interpreted, Vv=VM code, C=native code)
V  [libjvm.dylib+0x2dbc9c]  _ZN14GenerateOopMap8do_fieldEiiii+0x68
V  [libjvm.dylib+0x2da1e4]  _ZN14GenerateOopMap9interp_bbEP10BasicBlock+0xf0
V  [libjvm.dylib+0x2d9e68]  _ZN14GenerateOopMap10interp_allEv+0x50
V  [libjvm.dylib+0x2d9ad4]  _ZN14GenerateOopMap17do_interpretationEv+0x58
V  [libjvm.dylib+0x2dc7a0]  _ZN14GenerateOopMap11compute_mapEP6Thread+0x158
V  [libjvm.dylib+0x590730]  _ZN19OopMapForCacheEntry11compute_mapEP6Thread+0x60
V  [libjvm.dylib+0x591048]  _ZN16OopMapCacheEntry4fillERK12methodHandlei+0xa4
V  [libjvm.dylib+0x591930]  _ZN11OopMapCache19compute_one_oop_mapERK12methodHandleiP17InterpreterOopMap+0x58
V  [libjvm.dylib+0x54d8fc]  _ZN6Method8mask_forEiP17InterpreterOopMap+0xac
V  [libjvm.dylib+0x4820c8]  _ZN16VM_GetOrSetLocal4doitEv+0x58
V  [libjvm.dylib+0x742950]  _ZN12VM_Operation8evaluateEv+0xe4
V  [libjvm.dylib+0x74b4ac]  _ZN8VMThread18evaluate_operationEP12VM_Operation+0x164
V  [libjvm.dylib+0x74b068]  _ZN8VMThread4loopEv+0x330
V  [libjvm.dylib+0x74ac30]  _ZN8VMThread3runEv+0x7c
V  [libjvm.dylib+0x6f3cdc]  _ZN6Thread8call_runEv+0x7c
V  [libjvm.dylib+0x59ae1c]  _ZL19thread_native_entryP6Thread+0x13c
C  [libsystem_pthread.dylib+0x706c]  _pthread_start+0x94


siginfo: si_signo: 11 (SIGSEGV), si_code: 2 (SEGV_ACCERR), si_addr: 0x0000000000000006

Register to memory mapping:

 x0=0x0 is NULL
 x1=0x0 is NULL
 x2=0x0 is NULL
 x3=0x000000000000ca02 is an unknown value
 x4=0x0000000000000075 is an unknown value
 x5=0x0 is NULL
 x6=0x0 is NULL
 x7=0x000000003b9abe48 is an unknown value
 x8=0x0 is NULL
 x9=0x000000000000ca02 is an unknown value
x10=0x00000001015cec64: _ZN14GenerateOopMap7interp1EP14BytecodeStream+0x7fc in /Users/cgathmann/Library/Java/JavaVirtualMachines/liberica-11.0.15/lib/server/libjvm.dylib at 0x00000001012f4000
x11=0x00000000000001dc is an unknown value
x12=0x0000000101974b98: _ZN17SignatureIterator10parse_typeEv+0xe4 in /Users/cgathmann/Library/Java/JavaVirtualMachines/liberica-11.0.15/lib/server/libjvm.dylib at 0x00000001012f4000
x13=0x0000000000000027 is an unknown value
x14=0x0000000047000000 is an unknown value
x15=0x000000000001d800 is an unknown value
x16=0x0000000183a70ed0: _platform_memmove+0 in /usr/lib/system/libsystem_platform.dylib at 0x0000000183a6d000
x17=0x00006000011350b0 points into unknown readable memory: 0x0000000000000000 | 00 00 00 00 00 00 00 00
x18=0x0 is NULL
x19=0x000000017072e7b8 points into unknown readable memory: 0x0000000101b99d78 | 78 9d b9 01 01 00 00 00
x20=0x0 is NULL
x21=0x0000000000000001 is an unknown value
x22=0x0000000000000075 is an unknown value
x23=0x00000001264682f8 is pointing into metadata
x24=0x0000000101c0a000: _ZN9vmSymbols8_symbolsE+0x1b48 in /Users/cgathmann/Library/Java/JavaVirtualMachines/liberica-11.0.15/lib/server/libjvm.dylib at 0x00000001012f4000
x25=0x0 is NULL
x26=0x0 is NULL
x27=0x0000000101aec2db: _ZL18hsdis_library_name+0x5587c in /Users/cgathmann/Library/Java/JavaVirtualMachines/liberica-11.0.15/lib/server/libjvm.dylib at 0x00000001012f4000
x28=0x0000000101be7dd9: PrintSafepointStatistics+0 in /Users/cgathmann/Library/Java/JavaVirtualMachines/liberica-11.0.15/lib/server/libjvm.dylib at 0x00000001012f4000


Registers:
 x0=0x0000000000000000  x1=0x0000000000000000  x2=0x0000000000000000  x3=0x000000000000ca02
 x4=0x0000000000000075  x5=0x0000000000000000  x6=0x0000000000000000  x7=0x000000003b9abe48
 x8=0x0000000000000000  x9=0x000000000000ca02 x10=0x00000001015cec64 x11=0x00000000000001dc
x12=0x0000000101974b98 x13=0x0000000000000027 x14=0x0000000047000000 x15=0x000000000001d800
x16=0x0000000183a70ed0 x17=0x00006000011350b0 x18=0x0000000000000000 x19=0x000000017072e7b8
x20=0x0000000000000000 x21=0x0000000000000001 x22=0x0000000000000075 x23=0x00000001264682f8
x24=0x0000000101c0a000 x25=0x0000000000000000 x26=0x0000000000000000 x27=0x0000000101aec2db
x28=0x0000000101be7dd9  fp=0x000000017072e5f0  lr=0x00000001015cfc94  sp=0x000000017072e590
pc=0x00000001015cfc9c cpsr=0x0000000080001000
Top of Stack: (sp=0x000000017072e590)
0x000000017072e590:   8fffffff4600005a 000000004fffffff
0x000000017072e5a0:   000000b18fffffff 0000000046000068
0x000000017072e5b0:   0000000000000000 a680453e3a780090
0x000000017072e5c0:   0000000101c0a000 0000000101bc94a0
0x000000017072e5d0:   000000017072e7b8 00000000000000c8
0x000000017072e5e0:   000000014e150e10 000000017072e7b8
0x000000017072e5f0:   000000017072e660 00000001015ce1e4
0x000000017072e600:   000000017072e620 0000000101974e40
0x000000017072e610:   000000012646a098 000000014d055000
0x000000017072e620:   0000007800000075 000000b4000000c8
0x000000017072e630:   000000b401b80000 a680453e3a780090
0x000000017072e640:   000000017072e7b8 0000000000000000
0x000000017072e650:   0000000000000000 000000017072e7b8
0x000000017072e660:   000000017072e690 00000001015cde68
0x000000017072e670:   000000017072e7b8 000000017072e930
0x000000017072e680:   0000000000000001 000000017072e7b8
0x000000017072e690:   000000017072e6b0 00000001015cdad4
0x000000017072e6a0:   000000014d055000 000000017072e7b8
0x000000017072e6b0:   000000017072e740 00000001015d07a0
0x000000017072e6c0:   0000600001f40000 0000000000000000
0x000000017072e6d0:   00000001006b8238 0000000000000000
0x000000017072e6e0:   0000000101bc4000 0000000000000000
0x000000017072e6f0:   0000000000000000 00000040006b0100
0x000000017072e700:   0000000000000000 0000000101aec2db
0x000000017072e710:   00000001006b8600 0000000000000005
0x000000017072e720:   0000000101a9f437 0000000000000000
0x000000017072e730:   000000014d055000 000000017072e7b8
0x000000017072e740:   000000017072e7a0 0000000101884730
0x000000017072e750:   000000017072e7b0 0000600001139d70
0x000000017072e760:   000000014e150d40 000000014e150d50
0x000000017072e770:   000000014e151128 00000000000003d8
0x000000017072e780:   000000017072e7b8 000000017072e930 

Instructions: (pc=0x00000001015cfc9c)
0x00000001015cfb9c:   21 4c 11 91 e0 03 13 aa e4 f5 ff 97 c8 24 00 f0
0x00000001015cfbac:   08 71 1d 91 08 01 40 b9 08 01 14 4a 08 7d 1c 53
0x00000001015cfbbc:   88 00 00 35 fd 7b 41 a9 f4 4f c2 a8 c0 03 5f d6
0x00000001015cfbcc:   81 26 00 90 21 4c 11 91 e0 03 13 aa fd 7b 41 a9
0x00000001015cfbdc:   f4 4f c2 a8 d5 f5 ff 17 fd 7b bf a9 fd 03 00 91
0x00000001015cfbec:   08 58 80 b9 09 24 40 b9 1f 01 09 6b 6a 01 00 54
0x00000001015cfbfc:   09 80 a2 52 29 64 00 33 0a 24 40 f9 0b 20 80 b9
0x00000001015cfc0c:   4a 09 0b 8b 0b 05 00 11 0b 58 00 b9 49 79 28 b8
0x00000001015cfc1c:   fd 7b c1 a8 c0 03 5f d6 81 26 00 90 21 4c 11 91
0x00000001015cfc2c:   fd 7b c1 a8 c1 f5 ff 17 ff c3 01 d1 f8 5f 03 a9
0x00000001015cfc3c:   f6 57 04 a9 f4 4f 05 a9 fd 7b 06 a9 fd 83 01 91
0x00000001015cfc4c:   f6 03 04 aa f4 03 02 aa f5 03 01 aa f3 03 00 aa
0x00000001015cfc5c:   a8 29 00 b0 08 0d 40 f9 08 01 40 f9 e8 17 00 f9
0x00000001015cfc6c:   08 04 40 f9 08 05 40 f9 17 05 40 f9 e0 03 17 aa
0x00000001015cfc7c:   e1 03 03 aa 02 00 80 52 42 6b fc 97 e1 03 00 aa
0x00000001015cfc8c:   e0 03 17 aa 70 6b fc 97 e8 ce 20 8b 08 21 40 f9
0x00000001015cfc9c:   09 19 40 39 c8 30 00 90 3f 2d 01 71 cd 01 00 54
0x00000001015cfcac:   3f 6d 01 71 a0 00 00 54 3f 59 01 71 80 05 00 54
0x00000001015cfcbc:   3f 31 01 71 c1 01 00 54 e2 63 00 91 09 c0 a8 52
0x00000001015cfccc:   0a 89 4c b9 c9 5e 00 33 e9 2b 03 29 75 01 00 35
0x00000001015cfcdc:   26 00 00 14 02 2f 00 90 42 c0 0a 91 3f 11 01 71
0x00000001015cfcec:   a0 00 00 54 3f 29 01 71 60 00 00 54 02 2f 00 90
0x00000001015cfcfc:   42 f0 0a 91 b5 03 00 34 09 00 80 52 d4 00 00 35
0x00000001015cfd0c:   0a 2f 00 90 4a 9d 42 b9 eb 23 00 91 6a d9 29 b8
0x00000001015cfd1c:   29 05 00 11 08 89 4c b9 ea 23 00 91 48 d9 29 b8
0x00000001015cfd2c:   e1 23 00 91 e0 03 13 aa 7a fe ff 97 e8 17 40 f9
0x00000001015cfd3c:   a9 29 00 b0 29 0d 40 f9 29 01 40 f9 3f 01 08 eb
0x00000001015cfd4c:   21 03 00 54 fd 7b 46 a9 f4 4f 45 a9 f6 57 44 a9
0x00000001015cfd5c:   f8 5f 43 a9 ff c3 01 91 c0 03 5f d6 02 32 00 90
0x00000001015cfd6c:   42 80 2a 91 b5 fc ff 35 4a 00 40 b9 2a 01 00 34
0x00000001015cfd7c:   09 00 80 d2 4b 10 00 91 ec 23 00 91 8a 79 29 b8
0x00000001015cfd8c:   6a 79 69 b8 29 05 00 91 aa ff ff 35 02 00 00 14 


Stack slot to memory mapping:
stack at sp + 0 slots: 0x8fffffff4600005a is an unknown value
stack at sp + 1 slots: 0x000000004fffffff is an unknown value
stack at sp + 2 slots: 0x000000b18fffffff is an unknown value
stack at sp + 3 slots: 0x0000000046000068 is an unknown value
stack at sp + 4 slots: 0x0 is NULL
stack at sp + 5 slots: 0xa680453e3a780090 is an unknown value
stack at sp + 6 slots: 0x0000000101c0a000: _ZN9vmSymbols8_symbolsE+0x1b48 in /Users/cgathmann/Library/Java/JavaVirtualMachines/liberica-11.0.15/lib/server/libjvm.dylib at 0x00000001012f4000
stack at sp + 7 slots: 0x0000000101bc94a0: _ZN12VM_Operation6_namesE+0 in /Users/cgathmann/Library/Java/JavaVirtualMachines/liberica-11.0.15/lib/server/libjvm.dylib at 0x00000001012f4000

VM_Operation (0x0000000171ab29a0): GetOrSetLocal, mode: safepoint, requested by thread 0x000000014d82d800


---------------  P R O C E S S  ---------------

Threads class SMR info:
_java_thread_list=0x0000600001f23a80, length=13, elements={
0x000000014d809000, 0x000000012680f800, 0x0000000126814800, 0x000000014d825800,
0x000000014d82f000, 0x0000000126810800, 0x0000000126811800, 0x000000014d830000,
0x000000013c843800, 0x000000014d82d800, 0x000000014d8eb800, 0x000000014d8ec000,
0x000000014c865000
}

Java Threads: ( => current thread )
  0x000000014d809000 JavaThread "main" [_thread_blocked, id=6147, stack(0x000000016f8e4000,0x000000016fae7000)]
  0x000000012680f800 JavaThread "Reference Handler" daemon [_thread_blocked, id=18691, stack(0x0000000170738000,0x000000017093b000)]
  0x0000000126814800 JavaThread "Finalizer" daemon [_thread_blocked, id=17923, stack(0x0000000170944000,0x0000000170b47000)]
  0x000000014d825800 JavaThread "Signal Dispatcher" daemon [_thread_blocked, id=16387, stack(0x0000000170c68000,0x0000000170e6b000)]
  0x000000014d82f000 JavaThread "Service Thread" daemon [_thread_blocked, id=22275, stack(0x0000000170e74000,0x0000000171077000)]
  0x0000000126810800 JavaThread "C2 CompilerThread0" daemon [_thread_blocked, id=42755, stack(0x0000000171080000,0x0000000171283000)]
  0x0000000126811800 JavaThread "C1 CompilerThread0" daemon [_thread_blocked, id=22787, stack(0x000000017128c000,0x000000017148f000)]
  0x000000014d830000 JavaThread "Sweeper thread" daemon [_thread_blocked, id=23299, stack(0x0000000171498000,0x000000017169b000)]
  0x000000013c843800 JavaThread "Common-Cleaner" daemon [_thread_blocked, id=41475, stack(0x00000001716a4000,0x00000001718a7000)]
  0x000000014d82d800 JavaThread "JDWP Transport Listener: dt_socket" daemon [_thread_blocked, id=23555, stack(0x00000001718b0000,0x0000000171ab3000)] _threads_hazard_ptr=0x0000600001f23a80
  0x000000014d8eb800 JavaThread "JDWP Event Helper Thread" daemon [_thread_blocked, id=24067, stack(0x0000000171abc000,0x0000000171cbf000)]
  0x000000014d8ec000 JavaThread "JDWP Command Reader" daemon [_thread_in_native, id=39939, stack(0x0000000171cc8000,0x0000000171ecb000)]
  0x000000014c865000 JavaThread "QuantumRenderer-0" daemon [_thread_blocked, id=25091, stack(0x00000001720e0000,0x00000001722e3000)]

Other Threads:
=>0x000000014d055000 VMThread "VM Thread" [stack: 0x000000017052c000,0x000000017072f000] [id=14083]
  0x000000014c818000 WatcherThread [stack: 0x0000000171ed4000,0x00000001720d7000] [id=24579]
  0x000000014d80c800 GCTaskThread "GC Thread#0" [stack: 0x000000016faf0000,0x000000016fcf3000] [id=12035]
  0x000000014db1f800 GCTaskThread "GC Thread#1" [stack: 0x00000001722ec000,0x00000001724ef000] [id=34827]
  0x000000014eb23800 GCTaskThread "GC Thread#2" [stack: 0x00000001724f8000,0x00000001726fb000] [id=34307]
  0x000000013c91e000 GCTaskThread "GC Thread#3" [stack: 0x0000000172704000,0x0000000172907000] [id=33795]
  0x000000014eb2f800 GCTaskThread "GC Thread#4" [stack: 0x0000000172910000,0x0000000172b13000] [id=30979]
  0x000000014eb43800 GCTaskThread "GC Thread#5" [stack: 0x0000000172b1c000,0x0000000172d1f000] [id=33283]
  0x000000013c840000 ConcurrentGCThread "G1 Main Marker" [stack: 0x000000016fcfc000,0x000000016feff000] [id=12547]
  0x000000013c840800 ConcurrentGCThread "G1 Conc#0" [stack: 0x000000016ff08000,0x000000017010b000] [id=12803]
  0x000000014e8a8800 ConcurrentGCThread "G1 Refine#0" [stack: 0x0000000170114000,0x0000000170317000] [id=13315]
  0x000000014e8a9800 ConcurrentGCThread "G1 Young RemSet Sampling" [stack: 0x0000000170320000,0x0000000170523000] [id=19971]

Threads with active compile tasks:

VM state:at safepoint (normal execution)

VM Mutex/Monitor currently owned by a thread:  ([mutex/lock_event])
[0x000060000313f500] Threads_lock - owner thread: 0x000000014d055000

Heap address: 0x00000006c0000000, size: 4096 MB, Compressed Oops mode: Zero based, Oop shift amount: 3
Narrow klass base: 0x0000000800000000, Narrow klass shift: 0
Compressed class space size: 1073741824 Address: 0x0000000800000000

Heap:
 garbage-first heap   total 262144K, used 89482K [0x00000006c0000000, 0x00000007c0000000)
  region size 1024K, 5 young (5120K), 3 survivors (3072K)
 Metaspace       used 13454K, capacity 14155K, committed 14336K, reserved 1062912K
  class space    used 1499K, capacity 1787K, committed 1792K, reserved 1048576K
Heap Regions: E=young(eden), S=young(survivor), O=old, HS=humongous(starts), HC=humongous(continues), CS=collection set, F=free, A=archive, TAMS=top-at-mark-start (previous, next)
|   0|0x00000006c0000000, 0x00000006c0100000, 0x00000006c0100000|100%|HS|  |TAMS 0x00000006c0000000, 0x00000006c0000000| Complete 
|   1|0x00000006c0100000, 0x00000006c0200000, 0x00000006c0200000|100%|HC|  |TAMS 0x00000006c0100000, 0x00000006c0100000| Complete 
|   2|0x00000006c0200000, 0x00000006c0300000, 0x00000006c0300000|100%|HS|  |TAMS 0x00000006c0200000, 0x00000006c0200000| Complete 
|   3|0x00000006c0300000, 0x00000006c0400000, 0x00000006c0400000|100%|HC|  |TAMS 0x00000006c0300000, 0x00000006c0300000| Complete 
|   4|0x00000006c0400000, 0x00000006c0500000, 0x00000006c0500000|100%|HC|  |TAMS 0x00000006c0400000, 0x00000006c0400000| Complete 
|   5|0x00000006c0500000, 0x00000006c0600000, 0x00000006c0600000|100%|HC|  |TAMS 0x00000006c0500000, 0x00000006c0500000| Complete 
|   6|0x00000006c0600000, 0x00000006c0700000, 0x00000006c0700000|100%|HC|  |TAMS 0x00000006c0600000, 0x00000006c0600000| Complete 
|   7|0x00000006c0700000, 0x00000006c0800000, 0x00000006c0800000|100%|HC|  |TAMS 0x00000006c0700000, 0x00000006c0700000| Complete 
|   8|0x00000006c0800000, 0x00000006c0900000, 0x00000006c0900000|100%|HC|  |TAMS 0x00000006c0800000, 0x00000006c0800000| Complete 
|   9|0x00000006c0900000, 0x00000006c0a00000, 0x00000006c0a00000|100%|HS|  |TAMS 0x00000006c0900000, 0x00000006c0900000| Complete 
|  10|0x00000006c0a00000, 0x00000006c0b00000, 0x00000006c0b00000|100%|HC|  |TAMS 0x00000006c0a00000, 0x00000006c0a00000| Complete 
|  11|0x00000006c0b00000, 0x00000006c0c00000, 0x00000006c0c00000|100%|HC|  |TAMS 0x00000006c0b00000, 0x00000006c0b00000| Complete 
|  12|0x00000006c0c00000, 0x00000006c0d00000, 0x00000006c0d00000|100%|HC|  |TAMS 0x00000006c0c00000, 0x00000006c0c00000| Complete 
|  13|0x00000006c0d00000, 0x00000006c0e00000, 0x00000006c0e00000|100%|HC|  |TAMS 0x00000006c0d00000, 0x00000006c0d00000| Complete 
|  14|0x00000006c0e00000, 0x00000006c0f00000, 0x00000006c0f00000|100%|HC|  |TAMS 0x00000006c0e00000, 0x00000006c0e00000| Complete 
|  15|0x00000006c0f00000, 0x00000006c1000000, 0x00000006c1000000|100%|HC|  |TAMS 0x00000006c0f00000, 0x00000006c0f00000| Complete 
|  16|0x00000006c1000000, 0x00000006c1100000, 0x00000006c1100000|100%|HC|  |TAMS 0x00000006c1000000, 0x00000006c1000000| Complete 
|  17|0x00000006c1100000, 0x00000006c1200000, 0x00000006c1200000|100%|HC|  |TAMS 0x00000006c1100000, 0x00000006c1100000| Complete 
|  18|0x00000006c1200000, 0x00000006c1300000, 0x00000006c1300000|100%|HC|  |TAMS 0x00000006c1200000, 0x00000006c1200000| Complete 
|  19|0x00000006c1300000, 0x00000006c1400000, 0x00000006c1400000|100%|HC|  |TAMS 0x00000006c1300000, 0x00000006c1300000| Complete 
|  20|0x00000006c1400000, 0x00000006c1500000, 0x00000006c1500000|100%|HC|  |TAMS 0x00000006c1400000, 0x00000006c1400000| Complete 
|  21|0x00000006c1500000, 0x00000006c1600000, 0x00000006c1600000|100%|HC|  |TAMS 0x00000006c1500000, 0x00000006c1500000| Complete 
|  22|0x00000006c1600000, 0x00000006c1700000, 0x00000006c1700000|100%|HC|  |TAMS 0x00000006c1600000, 0x00000006c1600000| Complete 
|  23|0x00000006c1700000, 0x00000006c1800000, 0x00000006c1800000|100%|HC|  |TAMS 0x00000006c1700000, 0x00000006c1700000| Complete 
|  24|0x00000006c1800000, 0x00000006c1900000, 0x00000006c1900000|100%|HS|  |TAMS 0x00000006c1800000, 0x00000006c1800000| Complete 
|  25|0x00000006c1900000, 0x00000006c1a00000, 0x00000006c1a00000|100%|HC|  |TAMS 0x00000006c1900000, 0x00000006c1900000| Complete 
|  26|0x00000006c1a00000, 0x00000006c1b00000, 0x00000006c1b00000|100%|HC|  |TAMS 0x00000006c1a00000, 0x00000006c1a00000| Complete 
|  27|0x00000006c1b00000, 0x00000006c1c00000, 0x00000006c1c00000|100%|HC|  |TAMS 0x00000006c1b00000, 0x00000006c1b00000| Complete 
|  28|0x00000006c1c00000, 0x00000006c1d00000, 0x00000006c1d00000|100%|HC|  |TAMS 0x00000006c1c00000, 0x00000006c1c00000| Complete 
|  29|0x00000006c1d00000, 0x00000006c1e00000, 0x00000006c1e00000|100%|HC|  |TAMS 0x00000006c1d00000, 0x00000006c1d00000| Complete 
|  30|0x00000006c1e00000, 0x00000006c1f00000, 0x00000006c1f00000|100%|HC|  |TAMS 0x00000006c1e00000, 0x00000006c1e00000| Complete 
|  31|0x00000006c1f00000, 0x00000006c2000000, 0x00000006c2000000|100%|HC|  |TAMS 0x00000006c1f00000, 0x00000006c1f00000| Complete 
|  32|0x00000006c2000000, 0x00000006c2100000, 0x00000006c2100000|100%|HC|  |TAMS 0x00000006c2000000, 0x00000006c2000000| Complete 
|  33|0x00000006c2100000, 0x00000006c2200000, 0x00000006c2200000|100%|HC|  |TAMS 0x00000006c2100000, 0x00000006c2100000| Complete 
|  34|0x00000006c2200000, 0x00000006c2300000, 0x00000006c2300000|100%|HC|  |TAMS 0x00000006c2200000, 0x00000006c2200000| Complete 
|  35|0x00000006c2300000, 0x00000006c2400000, 0x00000006c2400000|100%|HC|  |TAMS 0x00000006c2300000, 0x00000006c2300000| Complete 
|  36|0x00000006c2400000, 0x00000006c2500000, 0x00000006c2500000|100%|HC|  |TAMS 0x00000006c2400000, 0x00000006c2400000| Complete 
|  37|0x00000006c2500000, 0x00000006c2600000, 0x00000006c2600000|100%|HC|  |TAMS 0x00000006c2500000, 0x00000006c2500000| Complete 
|  38|0x00000006c2600000, 0x00000006c2700000, 0x00000006c2700000|100%|HC|  |TAMS 0x00000006c2600000, 0x00000006c2600000| Complete 
|  39|0x00000006c2700000, 0x00000006c2800000, 0x00000006c2800000|100%|HS|  |TAMS 0x00000006c2700000, 0x00000006c2700000| Complete 
|  40|0x00000006c2800000, 0x00000006c2900000, 0x00000006c2900000|100%|HC|  |TAMS 0x00000006c2800000, 0x00000006c2800000| Complete 
|  41|0x00000006c2900000, 0x00000006c2a00000, 0x00000006c2a00000|100%|HC|  |TAMS 0x00000006c2900000, 0x00000006c2900000| Complete 
|  42|0x00000006c2a00000, 0x00000006c2b00000, 0x00000006c2b00000|100%|HC|  |TAMS 0x00000006c2a00000, 0x00000006c2a00000| Complete 
|  43|0x00000006c2b00000, 0x00000006c2c00000, 0x00000006c2c00000|100%|HC|  |TAMS 0x00000006c2b00000, 0x00000006c2b00000| Complete 
|  44|0x00000006c2c00000, 0x00000006c2d00000, 0x00000006c2d00000|100%|HC|  |TAMS 0x00000006c2c00000, 0x00000006c2c00000| Complete 
|  45|0x00000006c2d00000, 0x00000006c2e00000, 0x00000006c2e00000|100%|HC|  |TAMS 0x00000006c2d00000, 0x00000006c2d00000| Complete 
|  46|0x00000006c2e00000, 0x00000006c2f00000, 0x00000006c2f00000|100%|HC|  |TAMS 0x00000006c2e00000, 0x00000006c2e00000| Complete 
|  47|0x00000006c2f00000, 0x00000006c3000000, 0x00000006c3000000|100%|HC|  |TAMS 0x00000006c2f00000, 0x00000006c2f00000| Complete 
|  48|0x00000006c3000000, 0x00000006c3100000, 0x00000006c3100000|100%|HC|  |TAMS 0x00000006c3000000, 0x00000006c3000000| Complete 
|  49|0x00000006c3100000, 0x00000006c3200000, 0x00000006c3200000|100%|HC|  |TAMS 0x00000006c3100000, 0x00000006c3100000| Complete 
|  50|0x00000006c3200000, 0x00000006c3300000, 0x00000006c3300000|100%|HC|  |TAMS 0x00000006c3200000, 0x00000006c3200000| Complete 
|  51|0x00000006c3300000, 0x00000006c3400000, 0x00000006c3400000|100%|HC|  |TAMS 0x00000006c3300000, 0x00000006c3300000| Complete 
|  52|0x00000006c3400000, 0x00000006c3500000, 0x00000006c3500000|100%|HC|  |TAMS 0x00000006c3400000, 0x00000006c3400000| Complete 
|  53|0x00000006c3500000, 0x00000006c3600000, 0x00000006c3600000|100%|HC|  |TAMS 0x00000006c3500000, 0x00000006c3500000| Complete 
|  54|0x00000006c3600000, 0x00000006c3700000, 0x00000006c3700000|100%|HS|  |TAMS 0x00000006c3600000, 0x00000006c3600000| Complete 
|  55|0x00000006c3700000, 0x00000006c3800000, 0x00000006c3800000|100%|HC|  |TAMS 0x00000006c3700000, 0x00000006c3700000| Complete 
|  56|0x00000006c3800000, 0x00000006c3900000, 0x00000006c3900000|100%|HC|  |TAMS 0x00000006c3800000, 0x00000006c3800000| Complete 
|  57|0x00000006c3900000, 0x00000006c3a00000, 0x00000006c3a00000|100%|HC|  |TAMS 0x00000006c3900000, 0x00000006c3900000| Complete 
|  58|0x00000006c3a00000, 0x00000006c3b00000, 0x00000006c3b00000|100%|HC|  |TAMS 0x00000006c3a00000, 0x00000006c3a00000| Complete 
|  59|0x00000006c3b00000, 0x00000006c3c00000, 0x00000006c3c00000|100%|HC|  |TAMS 0x00000006c3b00000, 0x00000006c3b00000| Complete 
|  60|0x00000006c3c00000, 0x00000006c3d00000, 0x00000006c3d00000|100%|HC|  |TAMS 0x00000006c3c00000, 0x00000006c3c00000| Complete 
|  61|0x00000006c3d00000, 0x00000006c3e00000, 0x00000006c3e00000|100%|HC|  |TAMS 0x00000006c3d00000, 0x00000006c3d00000| Complete 
|  62|0x00000006c3e00000, 0x00000006c3f00000, 0x00000006c3f00000|100%|HC|  |TAMS 0x00000006c3e00000, 0x00000006c3e00000| Complete 
|  63|0x00000006c3f00000, 0x00000006c4000000, 0x00000006c4000000|100%|HC|  |TAMS 0x00000006c3f00000, 0x00000006c3f00000| Complete 
|  64|0x00000006c4000000, 0x00000006c4100000, 0x00000006c4100000|100%|HC|  |TAMS 0x00000006c4000000, 0x00000006c4000000| Complete 
|  65|0x00000006c4100000, 0x00000006c4200000, 0x00000006c4200000|100%|HC|  |TAMS 0x00000006c4100000, 0x00000006c4100000| Complete 
|  66|0x00000006c4200000, 0x00000006c4300000, 0x00000006c4300000|100%|HC|  |TAMS 0x00000006c4200000, 0x00000006c4200000| Complete 
|  67|0x00000006c4300000, 0x00000006c4400000, 0x00000006c4400000|100%|HC|  |TAMS 0x00000006c4300000, 0x00000006c4300000| Complete 
|  68|0x00000006c4400000, 0x00000006c4500000, 0x00000006c4500000|100%|HC|  |TAMS 0x00000006c4400000, 0x00000006c4400000| Complete 
|  69|0x00000006c4500000, 0x00000006c4562800, 0x00000006c4600000| 38%| O|  |TAMS 0x00000006c4500000, 0x00000006c4500000| Untracked 
|  70|0x00000006c4600000, 0x00000006c4700000, 0x00000006c4700000|100%|HS|  |TAMS 0x00000006c4600000, 0x00000006c4600000| Complete 
|  71|0x00000006c4700000, 0x00000006c4800000, 0x00000006c4800000|100%|HC|  |TAMS 0x00000006c4700000, 0x00000006c4700000| Complete 
|  72|0x00000006c4800000, 0x00000006c4900000, 0x00000006c4900000|100%|HS|  |TAMS 0x00000006c4800000, 0x00000006c4800000| Complete 
|  73|0x00000006c4900000, 0x00000006c4a00000, 0x00000006c4a00000|100%|HC|  |TAMS 0x00000006c4900000, 0x00000006c4900000| Complete 
|  74|0x00000006c4a00000, 0x00000006c4b00000, 0x00000006c4b00000|100%|HC|  |TAMS 0x00000006c4a00000, 0x00000006c4a00000| Complete 
|  75|0x00000006c4b00000, 0x00000006c4c00000, 0x00000006c4c00000|100%|HC|  |TAMS 0x00000006c4b00000, 0x00000006c4b00000| Complete 
|  76|0x00000006c4c00000, 0x00000006c4d00000, 0x00000006c4d00000|100%|HS|  |TAMS 0x00000006c4c00000, 0x00000006c4c00000| Complete 
|  77|0x00000006c4d00000, 0x00000006c4e00000, 0x00000006c4e00000|100%|HC|  |TAMS 0x00000006c4d00000, 0x00000006c4d00000| Complete 
|  78|0x00000006c4e00000, 0x00000006c4f00000, 0x00000006c4f00000|100%|HS|  |TAMS 0x00000006c4e00000, 0x00000006c4e00000| Complete 
|  79|0x00000006c4f00000, 0x00000006c5000000, 0x00000006c5000000|100%|HC|  |TAMS 0x00000006c4f00000, 0x00000006c4f00000| Complete 
|  80|0x00000006c5000000, 0x00000006c5100000, 0x00000006c5100000|100%|HC|  |TAMS 0x00000006c5000000, 0x00000006c5000000| Complete 
|  81|0x00000006c5100000, 0x00000006c5200000, 0x00000006c5200000|100%|HC|  |TAMS 0x00000006c5100000, 0x00000006c5100000| Complete 
|  82|0x00000006c5200000, 0x00000006c5300000, 0x00000006c5300000|100%|HS|  |TAMS 0x00000006c5200000, 0x00000006c5200000| Complete 
|  83|0x00000006c5300000, 0x00000006c5400000, 0x00000006c5400000|100%|HC|  |TAMS 0x00000006c5300000, 0x00000006c5300000| Complete 
|  84|0x00000006c5400000, 0x00000006c5400000, 0x00000006c5500000|  0%| F|  |TAMS 0x00000006c5400000, 0x00000006c5400000| Untracked 
|  85|0x00000006c5500000, 0x00000006c5500000, 0x00000006c5600000|  0%| F|  |TAMS 0x00000006c5500000, 0x00000006c5500000| Untracked 
|  86|0x00000006c5600000, 0x00000006c5600000, 0x00000006c5700000|  0%| F|  |TAMS 0x00000006c5600000, 0x00000006c5600000| Untracked 
|  87|0x00000006c5700000, 0x00000006c5700000, 0x00000006c5800000|  0%| F|  |TAMS 0x00000006c5700000, 0x00000006c5700000| Untracked 
|  88|0x00000006c5800000, 0x00000006c5800000, 0x00000006c5900000|  0%| F|  |TAMS 0x00000006c5800000, 0x00000006c5800000| Untracked 
|  89|0x00000006c5900000, 0x00000006c5900000, 0x00000006c5a00000|  0%| F|  |TAMS 0x00000006c5900000, 0x00000006c5900000| Untracked 
|  90|0x00000006c5a00000, 0x00000006c5a00000, 0x00000006c5b00000|  0%| F|  |TAMS 0x00000006c5a00000, 0x00000006c5a00000| Untracked 
|  91|0x00000006c5b00000, 0x00000006c5b00000, 0x00000006c5c00000|  0%| F|  |TAMS 0x00000006c5b00000, 0x00000006c5b00000| Untracked 
|  92|0x00000006c5c00000, 0x00000006c5c00000, 0x00000006c5d00000|  0%| F|  |TAMS 0x00000006c5c00000, 0x00000006c5c00000| Untracked 
|  93|0x00000006c5d00000, 0x00000006c5d00000, 0x00000006c5e00000|  0%| F|  |TAMS 0x00000006c5d00000, 0x00000006c5d00000| Untracked 
|  94|0x00000006c5e00000, 0x00000006c5e00000, 0x00000006c5f00000|  0%| F|  |TAMS 0x00000006c5e00000, 0x00000006c5e00000| Untracked 
|  95|0x00000006c5f00000, 0x00000006c5f00000, 0x00000006c6000000|  0%| F|  |TAMS 0x00000006c5f00000, 0x00000006c5f00000| Untracked 
|  96|0x00000006c6000000, 0x00000006c6000000, 0x00000006c6100000|  0%| F|  |TAMS 0x00000006c6000000, 0x00000006c6000000| Untracked 
|  97|0x00000006c6100000, 0x00000006c6100000, 0x00000006c6200000|  0%| F|  |TAMS 0x00000006c6100000, 0x00000006c6100000| Untracked 
|  98|0x00000006c6200000, 0x00000006c6200000, 0x00000006c6300000|  0%| F|  |TAMS 0x00000006c6200000, 0x00000006c6200000| Untracked 
|  99|0x00000006c6300000, 0x00000006c6300000, 0x00000006c6400000|  0%| F|  |TAMS 0x00000006c6300000, 0x00000006c6300000| Untracked 
| 100|0x00000006c6400000, 0x00000006c6400000, 0x00000006c6500000|  0%| F|  |TAMS 0x00000006c6400000, 0x00000006c6400000| Untracked 
| 101|0x00000006c6500000, 0x00000006c6500000, 0x00000006c6600000|  0%| F|  |TAMS 0x00000006c6500000, 0x00000006c6500000| Untracked 
| 102|0x00000006c6600000, 0x00000006c6600000, 0x00000006c6700000|  0%| F|  |TAMS 0x00000006c6600000, 0x00000006c6600000| Untracked 
| 103|0x00000006c6700000, 0x00000006c6700000, 0x00000006c6800000|  0%| F|  |TAMS 0x00000006c6700000, 0x00000006c6700000| Untracked 
| 104|0x00000006c6800000, 0x00000006c6800000, 0x00000006c6900000|  0%| F|  |TAMS 0x00000006c6800000, 0x00000006c6800000| Untracked 
| 105|0x00000006c6900000, 0x00000006c6900000, 0x00000006c6a00000|  0%| F|  |TAMS 0x00000006c6900000, 0x00000006c6900000| Untracked 
| 106|0x00000006c6a00000, 0x00000006c6a00000, 0x00000006c6b00000|  0%| F|  |TAMS 0x00000006c6a00000, 0x00000006c6a00000| Untracked 
| 107|0x00000006c6b00000, 0x00000006c6b00000, 0x00000006c6c00000|  0%| F|  |TAMS 0x00000006c6b00000, 0x00000006c6b00000| Untracked 
| 108|0x00000006c6c00000, 0x00000006c6c00000, 0x00000006c6d00000|  0%| F|  |TAMS 0x00000006c6c00000, 0x00000006c6c00000| Untracked 
| 109|0x00000006c6d00000, 0x00000006c6d00000, 0x00000006c6e00000|  0%| F|  |TAMS 0x00000006c6d00000, 0x00000006c6d00000| Untracked 
| 110|0x00000006c6e00000, 0x00000006c6e00000, 0x00000006c6f00000|  0%| F|  |TAMS 0x00000006c6e00000, 0x00000006c6e00000| Untracked 
| 111|0x00000006c6f00000, 0x00000006c6f00000, 0x00000006c7000000|  0%| F|  |TAMS 0x00000006c6f00000, 0x00000006c6f00000| Untracked 
| 112|0x00000006c7000000, 0x00000006c7000000, 0x00000006c7100000|  0%| F|  |TAMS 0x00000006c7000000, 0x00000006c7000000| Untracked 
| 113|0x00000006c7100000, 0x00000006c7100000, 0x00000006c7200000|  0%| F|  |TAMS 0x00000006c7100000, 0x00000006c7100000| Untracked 
| 114|0x00000006c7200000, 0x00000006c7200000, 0x00000006c7300000|  0%| F|  |TAMS 0x00000006c7200000, 0x00000006c7200000| Untracked 
| 115|0x00000006c7300000, 0x00000006c7300000, 0x00000006c7400000|  0%| F|  |TAMS 0x00000006c7300000, 0x00000006c7300000| Untracked 
| 116|0x00000006c7400000, 0x00000006c7400000, 0x00000006c7500000|  0%| F|  |TAMS 0x00000006c7400000, 0x00000006c7400000| Untracked 
| 117|0x00000006c7500000, 0x00000006c7500000, 0x00000006c7600000|  0%| F|  |TAMS 0x00000006c7500000, 0x00000006c7500000| Untracked 
| 118|0x00000006c7600000, 0x00000006c7600000, 0x00000006c7700000|  0%| F|  |TAMS 0x00000006c7600000, 0x00000006c7600000| Untracked 
| 119|0x00000006c7700000, 0x00000006c7700000, 0x00000006c7800000|  0%| F|  |TAMS 0x00000006c7700000, 0x00000006c7700000| Untracked 
| 120|0x00000006c7800000, 0x00000006c7800000, 0x00000006c7900000|  0%| F|  |TAMS 0x00000006c7800000, 0x00000006c7800000| Untracked 
| 121|0x00000006c7900000, 0x00000006c7900000, 0x00000006c7a00000|  0%| F|  |TAMS 0x00000006c7900000, 0x00000006c7900000| Untracked 
| 122|0x00000006c7a00000, 0x00000006c7a00000, 0x00000006c7b00000|  0%| F|  |TAMS 0x00000006c7a00000, 0x00000006c7a00000| Untracked 
| 123|0x00000006c7b00000, 0x00000006c7b00000, 0x00000006c7c00000|  0%| F|  |TAMS 0x00000006c7b00000, 0x00000006c7b00000| Untracked 
| 124|0x00000006c7c00000, 0x00000006c7c00000, 0x00000006c7d00000|  0%| F|  |TAMS 0x00000006c7c00000, 0x00000006c7c00000| Untracked 
| 125|0x00000006c7d00000, 0x00000006c7d00000, 0x00000006c7e00000|  0%| F|  |TAMS 0x00000006c7d00000, 0x00000006c7d00000| Untracked 
| 126|0x00000006c7e00000, 0x00000006c7e00000, 0x00000006c7f00000|  0%| F|  |TAMS 0x00000006c7e00000, 0x00000006c7e00000| Untracked 
| 127|0x00000006c7f00000, 0x00000006c7f00000, 0x00000006c8000000|  0%| F|  |TAMS 0x00000006c7f00000, 0x00000006c7f00000| Untracked 
| 128|0x00000006c8000000, 0x00000006c8000000, 0x00000006c8100000|  0%| F|  |TAMS 0x00000006c8000000, 0x00000006c8000000| Untracked 
| 129|0x00000006c8100000, 0x00000006c8100000, 0x00000006c8200000|  0%| F|  |TAMS 0x00000006c8100000, 0x00000006c8100000| Untracked 
| 130|0x00000006c8200000, 0x00000006c8200000, 0x00000006c8300000|  0%| F|  |TAMS 0x00000006c8200000, 0x00000006c8200000| Untracked 
| 131|0x00000006c8300000, 0x00000006c8300000, 0x00000006c8400000|  0%| F|  |TAMS 0x00000006c8300000, 0x00000006c8300000| Untracked 
| 132|0x00000006c8400000, 0x00000006c8400000, 0x00000006c8500000|  0%| F|  |TAMS 0x00000006c8400000, 0x00000006c8400000| Untracked 
| 133|0x00000006c8500000, 0x00000006c8500000, 0x00000006c8600000|  0%| F|  |TAMS 0x00000006c8500000, 0x00000006c8500000| Untracked 
| 134|0x00000006c8600000, 0x00000006c8600000, 0x00000006c8700000|  0%| F|  |TAMS 0x00000006c8600000, 0x00000006c8600000| Untracked 
| 135|0x00000006c8700000, 0x00000006c8700000, 0x00000006c8800000|  0%| F|  |TAMS 0x00000006c8700000, 0x00000006c8700000| Untracked 
| 136|0x00000006c8800000, 0x00000006c8800000, 0x00000006c8900000|  0%| F|  |TAMS 0x00000006c8800000, 0x00000006c8800000| Untracked 
| 137|0x00000006c8900000, 0x00000006c8900000, 0x00000006c8a00000|  0%| F|  |TAMS 0x00000006c8900000, 0x00000006c8900000| Untracked 
| 138|0x00000006c8a00000, 0x00000006c8a00000, 0x00000006c8b00000|  0%| F|  |TAMS 0x00000006c8a00000, 0x00000006c8a00000| Untracked 
| 139|0x00000006c8b00000, 0x00000006c8b00000, 0x00000006c8c00000|  0%| F|  |TAMS 0x00000006c8b00000, 0x00000006c8b00000| Untracked 
| 140|0x00000006c8c00000, 0x00000006c8c00000, 0x00000006c8d00000|  0%| F|  |TAMS 0x00000006c8c00000, 0x00000006c8c00000| Untracked 
| 141|0x00000006c8d00000, 0x00000006c8d00000, 0x00000006c8e00000|  0%| F|  |TAMS 0x00000006c8d00000, 0x00000006c8d00000| Untracked 
| 142|0x00000006c8e00000, 0x00000006c8e00000, 0x00000006c8f00000|  0%| F|  |TAMS 0x00000006c8e00000, 0x00000006c8e00000| Untracked 
| 143|0x00000006c8f00000, 0x00000006c8f00000, 0x00000006c9000000|  0%| F|  |TAMS 0x00000006c8f00000, 0x00000006c8f00000| Untracked 
| 144|0x00000006c9000000, 0x00000006c9000000, 0x00000006c9100000|  0%| F|  |TAMS 0x00000006c9000000, 0x00000006c9000000| Untracked 
| 145|0x00000006c9100000, 0x00000006c9100000, 0x00000006c9200000|  0%| F|  |TAMS 0x00000006c9100000, 0x00000006c9100000| Untracked 
| 146|0x00000006c9200000, 0x00000006c9200000, 0x00000006c9300000|  0%| F|  |TAMS 0x00000006c9200000, 0x00000006c9200000| Untracked 
| 147|0x00000006c9300000, 0x00000006c9300000, 0x00000006c9400000|  0%| F|  |TAMS 0x00000006c9300000, 0x00000006c9300000| Untracked 
| 148|0x00000006c9400000, 0x00000006c9400000, 0x00000006c9500000|  0%| F|  |TAMS 0x00000006c9400000, 0x00000006c9400000| Untracked 
| 149|0x00000006c9500000, 0x00000006c9500000, 0x00000006c9600000|  0%| F|  |TAMS 0x00000006c9500000, 0x00000006c9500000| Untracked 
| 150|0x00000006c9600000, 0x00000006c9600000, 0x00000006c9700000|  0%| F|  |TAMS 0x00000006c9600000, 0x00000006c9600000| Untracked 
| 151|0x00000006c9700000, 0x00000006c9700000, 0x00000006c9800000|  0%| F|  |TAMS 0x00000006c9700000, 0x00000006c9700000| Untracked 
| 152|0x00000006c9800000, 0x00000006c9800000, 0x00000006c9900000|  0%| F|  |TAMS 0x00000006c9800000, 0x00000006c9800000| Untracked 
| 153|0x00000006c9900000, 0x00000006c9900000, 0x00000006c9a00000|  0%| F|  |TAMS 0x00000006c9900000, 0x00000006c9900000| Untracked 
| 154|0x00000006c9a00000, 0x00000006c9a00000, 0x00000006c9b00000|  0%| F|  |TAMS 0x00000006c9a00000, 0x00000006c9a00000| Untracked 
| 155|0x00000006c9b00000, 0x00000006c9b00000, 0x00000006c9c00000|  0%| F|  |TAMS 0x00000006c9b00000, 0x00000006c9b00000| Untracked 
| 156|0x00000006c9c00000, 0x00000006c9c00000, 0x00000006c9d00000|  0%| F|  |TAMS 0x00000006c9c00000, 0x00000006c9c00000| Untracked 
| 157|0x00000006c9d00000, 0x00000006c9d00000, 0x00000006c9e00000|  0%| F|  |TAMS 0x00000006c9d00000, 0x00000006c9d00000| Untracked 
| 158|0x00000006c9e00000, 0x00000006c9e00000, 0x00000006c9f00000|  0%| F|  |TAMS 0x00000006c9e00000, 0x00000006c9e00000| Untracked 
| 159|0x00000006c9f00000, 0x00000006c9f00000, 0x00000006ca000000|  0%| F|  |TAMS 0x00000006c9f00000, 0x00000006c9f00000| Untracked 
| 160|0x00000006ca000000, 0x00000006ca000000, 0x00000006ca100000|  0%| F|  |TAMS 0x00000006ca000000, 0x00000006ca000000| Untracked 
| 161|0x00000006ca100000, 0x00000006ca100000, 0x00000006ca200000|  0%| F|  |TAMS 0x00000006ca100000, 0x00000006ca100000| Untracked 
| 162|0x00000006ca200000, 0x00000006ca200000, 0x00000006ca300000|  0%| F|  |TAMS 0x00000006ca200000, 0x00000006ca200000| Untracked 
| 163|0x00000006ca300000, 0x00000006ca300000, 0x00000006ca400000|  0%| F|  |TAMS 0x00000006ca300000, 0x00000006ca300000| Untracked 
| 164|0x00000006ca400000, 0x00000006ca400000, 0x00000006ca500000|  0%| F|  |TAMS 0x00000006ca400000, 0x00000006ca400000| Untracked 
| 165|0x00000006ca500000, 0x00000006ca500000, 0x00000006ca600000|  0%| F|  |TAMS 0x00000006ca500000, 0x00000006ca500000| Untracked 
| 166|0x00000006ca600000, 0x00000006ca600000, 0x00000006ca700000|  0%| F|  |TAMS 0x00000006ca600000, 0x00000006ca600000| Untracked 
| 167|0x00000006ca700000, 0x00000006ca700000, 0x00000006ca800000|  0%| F|  |TAMS 0x00000006ca700000, 0x00000006ca700000| Untracked 
| 168|0x00000006ca800000, 0x00000006ca800000, 0x00000006ca900000|  0%| F|  |TAMS 0x00000006ca800000, 0x00000006ca800000| Untracked 
| 169|0x00000006ca900000, 0x00000006ca900000, 0x00000006caa00000|  0%| F|  |TAMS 0x00000006ca900000, 0x00000006ca900000| Untracked 
| 170|0x00000006caa00000, 0x00000006caa00000, 0x00000006cab00000|  0%| F|  |TAMS 0x00000006caa00000, 0x00000006caa00000| Untracked 
| 171|0x00000006cab00000, 0x00000006cab00000, 0x00000006cac00000|  0%| F|  |TAMS 0x00000006cab00000, 0x00000006cab00000| Untracked 
| 172|0x00000006cac00000, 0x00000006cac00000, 0x00000006cad00000|  0%| F|  |TAMS 0x00000006cac00000, 0x00000006cac00000| Untracked 
| 173|0x00000006cad00000, 0x00000006cad00000, 0x00000006cae00000|  0%| F|  |TAMS 0x00000006cad00000, 0x00000006cad00000| Untracked 
| 174|0x00000006cae00000, 0x00000006cae00000, 0x00000006caf00000|  0%| F|  |TAMS 0x00000006cae00000, 0x00000006cae00000| Untracked 
| 175|0x00000006caf00000, 0x00000006caf00000, 0x00000006cb000000|  0%| F|  |TAMS 0x00000006caf00000, 0x00000006caf00000| Untracked 
| 176|0x00000006cb000000, 0x00000006cb000000, 0x00000006cb100000|  0%| F|  |TAMS 0x00000006cb000000, 0x00000006cb000000| Untracked 
| 177|0x00000006cb100000, 0x00000006cb100000, 0x00000006cb200000|  0%| F|  |TAMS 0x00000006cb100000, 0x00000006cb100000| Untracked 
| 178|0x00000006cb200000, 0x00000006cb200000, 0x00000006cb300000|  0%| F|  |TAMS 0x00000006cb200000, 0x00000006cb200000| Untracked 
| 179|0x00000006cb300000, 0x00000006cb300000, 0x00000006cb400000|  0%| F|  |TAMS 0x00000006cb300000, 0x00000006cb300000| Untracked 
| 180|0x00000006cb400000, 0x00000006cb400000, 0x00000006cb500000|  0%| F|  |TAMS 0x00000006cb400000, 0x00000006cb400000| Untracked 
| 181|0x00000006cb500000, 0x00000006cb500000, 0x00000006cb600000|  0%| F|  |TAMS 0x00000006cb500000, 0x00000006cb500000| Untracked 
| 182|0x00000006cb600000, 0x00000006cb600000, 0x00000006cb700000|  0%| F|  |TAMS 0x00000006cb600000, 0x00000006cb600000| Untracked 
| 183|0x00000006cb700000, 0x00000006cb700000, 0x00000006cb800000|  0%| F|  |TAMS 0x00000006cb700000, 0x00000006cb700000| Untracked 
| 184|0x00000006cb800000, 0x00000006cb800000, 0x00000006cb900000|  0%| F|  |TAMS 0x00000006cb800000, 0x00000006cb800000| Untracked 
| 185|0x00000006cb900000, 0x00000006cb900000, 0x00000006cba00000|  0%| F|  |TAMS 0x00000006cb900000, 0x00000006cb900000| Untracked 
| 186|0x00000006cba00000, 0x00000006cba00000, 0x00000006cbb00000|  0%| F|  |TAMS 0x00000006cba00000, 0x00000006cba00000| Untracked 
| 187|0x00000006cbb00000, 0x00000006cbb00000, 0x00000006cbc00000|  0%| F|  |TAMS 0x00000006cbb00000, 0x00000006cbb00000| Untracked 
| 188|0x00000006cbc00000, 0x00000006cbc00000, 0x00000006cbd00000|  0%| F|  |TAMS 0x00000006cbc00000, 0x00000006cbc00000| Untracked 
| 189|0x00000006cbd00000, 0x00000006cbd00000, 0x00000006cbe00000|  0%| F|  |TAMS 0x00000006cbd00000, 0x00000006cbd00000| Untracked 
| 190|0x00000006cbe00000, 0x00000006cbe00000, 0x00000006cbf00000|  0%| F|  |TAMS 0x00000006cbe00000, 0x00000006cbe00000| Untracked 
| 191|0x00000006cbf00000, 0x00000006cbf00000, 0x00000006cc000000|  0%| F|  |TAMS 0x00000006cbf00000, 0x00000006cbf00000| Untracked 
| 192|0x00000006cc000000, 0x00000006cc000000, 0x00000006cc100000|  0%| F|  |TAMS 0x00000006cc000000, 0x00000006cc000000| Untracked 
| 193|0x00000006cc100000, 0x00000006cc100000, 0x00000006cc200000|  0%| F|  |TAMS 0x00000006cc100000, 0x00000006cc100000| Untracked 
| 194|0x00000006cc200000, 0x00000006cc200000, 0x00000006cc300000|  0%| F|  |TAMS 0x00000006cc200000, 0x00000006cc200000| Untracked 
| 195|0x00000006cc300000, 0x00000006cc300000, 0x00000006cc400000|  0%| F|  |TAMS 0x00000006cc300000, 0x00000006cc300000| Untracked 
| 196|0x00000006cc400000, 0x00000006cc400000, 0x00000006cc500000|  0%| F|  |TAMS 0x00000006cc400000, 0x00000006cc400000| Untracked 
| 197|0x00000006cc500000, 0x00000006cc500000, 0x00000006cc600000|  0%| F|  |TAMS 0x00000006cc500000, 0x00000006cc500000| Untracked 
| 198|0x00000006cc600000, 0x00000006cc600000, 0x00000006cc700000|  0%| F|  |TAMS 0x00000006cc600000, 0x00000006cc600000| Untracked 
| 199|0x00000006cc700000, 0x00000006cc700000, 0x00000006cc800000|  0%| F|  |TAMS 0x00000006cc700000, 0x00000006cc700000| Untracked 
| 200|0x00000006cc800000, 0x00000006cc800000, 0x00000006cc900000|  0%| F|  |TAMS 0x00000006cc800000, 0x00000006cc800000| Untracked 
| 201|0x00000006cc900000, 0x00000006cc900000, 0x00000006cca00000|  0%| F|  |TAMS 0x00000006cc900000, 0x00000006cc900000| Untracked 
| 202|0x00000006cca00000, 0x00000006cca00000, 0x00000006ccb00000|  0%| F|  |TAMS 0x00000006cca00000, 0x00000006cca00000| Untracked 
| 203|0x00000006ccb00000, 0x00000006ccb00000, 0x00000006ccc00000|  0%| F|  |TAMS 0x00000006ccb00000, 0x00000006ccb00000| Untracked 
| 204|0x00000006ccc00000, 0x00000006ccc00000, 0x00000006ccd00000|  0%| F|  |TAMS 0x00000006ccc00000, 0x00000006ccc00000| Untracked 
| 205|0x00000006ccd00000, 0x00000006ccd00000, 0x00000006cce00000|  0%| F|  |TAMS 0x00000006ccd00000, 0x00000006ccd00000| Untracked 
| 206|0x00000006cce00000, 0x00000006cce00000, 0x00000006ccf00000|  0%| F|  |TAMS 0x00000006cce00000, 0x00000006cce00000| Untracked 
| 207|0x00000006ccf00000, 0x00000006ccf00000, 0x00000006cd000000|  0%| F|  |TAMS 0x00000006ccf00000, 0x00000006ccf00000| Untracked 
| 208|0x00000006cd000000, 0x00000006cd000000, 0x00000006cd100000|  0%| F|  |TAMS 0x00000006cd000000, 0x00000006cd000000| Untracked 
| 209|0x00000006cd100000, 0x00000006cd100000, 0x00000006cd200000|  0%| F|  |TAMS 0x00000006cd100000, 0x00000006cd100000| Untracked 
| 210|0x00000006cd200000, 0x00000006cd200000, 0x00000006cd300000|  0%| F|  |TAMS 0x00000006cd200000, 0x00000006cd200000| Untracked 
| 211|0x00000006cd300000, 0x00000006cd300000, 0x00000006cd400000|  0%| F|  |TAMS 0x00000006cd300000, 0x00000006cd300000| Untracked 
| 212|0x00000006cd400000, 0x00000006cd400000, 0x00000006cd500000|  0%| F|  |TAMS 0x00000006cd400000, 0x00000006cd400000| Untracked 
| 213|0x00000006cd500000, 0x00000006cd500000, 0x00000006cd600000|  0%| F|  |TAMS 0x00000006cd500000, 0x00000006cd500000| Untracked 
| 214|0x00000006cd600000, 0x00000006cd600000, 0x00000006cd700000|  0%| F|  |TAMS 0x00000006cd600000, 0x00000006cd600000| Untracked 
| 215|0x00000006cd700000, 0x00000006cd700000, 0x00000006cd800000|  0%| F|  |TAMS 0x00000006cd700000, 0x00000006cd700000| Untracked 
| 216|0x00000006cd800000, 0x00000006cd800000, 0x00000006cd900000|  0%| F|  |TAMS 0x00000006cd800000, 0x00000006cd800000| Untracked 
| 217|0x00000006cd900000, 0x00000006cd900000, 0x00000006cda00000|  0%| F|  |TAMS 0x00000006cd900000, 0x00000006cd900000| Untracked 
| 218|0x00000006cda00000, 0x00000006cda00000, 0x00000006cdb00000|  0%| F|  |TAMS 0x00000006cda00000, 0x00000006cda00000| Untracked 
| 219|0x00000006cdb00000, 0x00000006cdb00000, 0x00000006cdc00000|  0%| F|  |TAMS 0x00000006cdb00000, 0x00000006cdb00000| Untracked 
| 220|0x00000006cdc00000, 0x00000006cdc00000, 0x00000006cdd00000|  0%| F|  |TAMS 0x00000006cdc00000, 0x00000006cdc00000| Untracked 
| 221|0x00000006cdd00000, 0x00000006cdd00000, 0x00000006cde00000|  0%| F|  |TAMS 0x00000006cdd00000, 0x00000006cdd00000| Untracked 
| 222|0x00000006cde00000, 0x00000006cde00000, 0x00000006cdf00000|  0%| F|  |TAMS 0x00000006cde00000, 0x00000006cde00000| Untracked 
| 223|0x00000006cdf00000, 0x00000006cdf00000, 0x00000006ce000000|  0%| F|  |TAMS 0x00000006cdf00000, 0x00000006cdf00000| Untracked 
| 224|0x00000006ce000000, 0x00000006ce000000, 0x00000006ce100000|  0%| F|  |TAMS 0x00000006ce000000, 0x00000006ce000000| Untracked 
| 225|0x00000006ce100000, 0x00000006ce100000, 0x00000006ce200000|  0%| F|  |TAMS 0x00000006ce100000, 0x00000006ce100000| Untracked 
| 226|0x00000006ce200000, 0x00000006ce200000, 0x00000006ce300000|  0%| F|  |TAMS 0x00000006ce200000, 0x00000006ce200000| Untracked 
| 227|0x00000006ce300000, 0x00000006ce300000, 0x00000006ce400000|  0%| F|  |TAMS 0x00000006ce300000, 0x00000006ce300000| Untracked 
| 228|0x00000006ce400000, 0x00000006ce400000, 0x00000006ce500000|  0%| F|  |TAMS 0x00000006ce400000, 0x00000006ce400000| Untracked 
| 229|0x00000006ce500000, 0x00000006ce600000, 0x00000006ce600000|100%| S|CS|TAMS 0x00000006ce500000, 0x00000006ce500000| Complete 
| 230|0x00000006ce600000, 0x00000006ce700000, 0x00000006ce700000|100%| S|CS|TAMS 0x00000006ce600000, 0x00000006ce600000| Complete 
| 231|0x00000006ce700000, 0x00000006ce800000, 0x00000006ce800000|100%| S|CS|TAMS 0x00000006ce700000, 0x00000006ce700000| Complete 
| 232|0x00000006ce800000, 0x00000006ce800000, 0x00000006ce900000|  0%| F|  |TAMS 0x00000006ce800000, 0x00000006ce800000| Untracked 
| 233|0x00000006ce900000, 0x00000006ce900000, 0x00000006cea00000|  0%| F|  |TAMS 0x00000006ce900000, 0x00000006ce900000| Untracked 
| 234|0x00000006cea00000, 0x00000006cea00000, 0x00000006ceb00000|  0%| F|  |TAMS 0x00000006cea00000, 0x00000006cea00000| Untracked 
| 235|0x00000006ceb00000, 0x00000006ceb00000, 0x00000006cec00000|  0%| F|  |TAMS 0x00000006ceb00000, 0x00000006ceb00000| Untracked 
| 236|0x00000006cec00000, 0x00000006cec00000, 0x00000006ced00000|  0%| F|  |TAMS 0x00000006cec00000, 0x00000006cec00000| Untracked 
| 237|0x00000006ced00000, 0x00000006ced00000, 0x00000006cee00000|  0%| F|  |TAMS 0x00000006ced00000, 0x00000006ced00000| Untracked 
| 238|0x00000006cee00000, 0x00000006cee00000, 0x00000006cef00000|  0%| F|  |TAMS 0x00000006cee00000, 0x00000006cee00000| Untracked 
| 239|0x00000006cef00000, 0x00000006cef00000, 0x00000006cf000000|  0%| F|  |TAMS 0x00000006cef00000, 0x00000006cef00000| Untracked 
| 240|0x00000006cf000000, 0x00000006cf000000, 0x00000006cf100000|  0%| F|  |TAMS 0x00000006cf000000, 0x00000006cf000000| Untracked 
| 241|0x00000006cf100000, 0x00000006cf100000, 0x00000006cf200000|  0%| F|  |TAMS 0x00000006cf100000, 0x00000006cf100000| Untracked 
| 242|0x00000006cf200000, 0x00000006cf200000, 0x00000006cf300000|  0%| F|  |TAMS 0x00000006cf200000, 0x00000006cf200000| Untracked 
| 243|0x00000006cf300000, 0x00000006cf300000, 0x00000006cf400000|  0%| F|  |TAMS 0x00000006cf300000, 0x00000006cf300000| Untracked 
| 244|0x00000006cf400000, 0x00000006cf400000, 0x00000006cf500000|  0%| F|  |TAMS 0x00000006cf400000, 0x00000006cf400000| Untracked 
| 245|0x00000006cf500000, 0x00000006cf500000, 0x00000006cf600000|  0%| F|  |TAMS 0x00000006cf500000, 0x00000006cf500000| Untracked 
| 246|0x00000006cf600000, 0x00000006cf600000, 0x00000006cf700000|  0%| F|  |TAMS 0x00000006cf600000, 0x00000006cf600000| Untracked 
| 247|0x00000006cf700000, 0x00000006cf700000, 0x00000006cf800000|  0%| F|  |TAMS 0x00000006cf700000, 0x00000006cf700000| Untracked 
| 248|0x00000006cf800000, 0x00000006cf800000, 0x00000006cf900000|  0%| F|  |TAMS 0x00000006cf800000, 0x00000006cf800000| Untracked 
| 249|0x00000006cf900000, 0x00000006cf900000, 0x00000006cfa00000|  0%| F|  |TAMS 0x00000006cf900000, 0x00000006cf900000| Untracked 
| 250|0x00000006cfa00000, 0x00000006cfa00000, 0x00000006cfb00000|  0%| F|  |TAMS 0x00000006cfa00000, 0x00000006cfa00000| Untracked 
| 251|0x00000006cfb00000, 0x00000006cfb00000, 0x00000006cfc00000|  0%| F|  |TAMS 0x00000006cfb00000, 0x00000006cfb00000| Untracked 
| 252|0x00000006cfc00000, 0x00000006cfc00000, 0x00000006cfd00000|  0%| F|  |TAMS 0x00000006cfc00000, 0x00000006cfc00000| Untracked 
| 253|0x00000006cfd00000, 0x00000006cfd00000, 0x00000006cfe00000|  0%| F|  |TAMS 0x00000006cfd00000, 0x00000006cfd00000| Untracked 
| 254|0x00000006cfe00000, 0x00000006cff00000, 0x00000006cff00000|100%| E|  |TAMS 0x00000006cfe00000, 0x00000006cfe00000| Complete 
| 255|0x00000006cff00000, 0x00000006d0000000, 0x00000006d0000000|100%| E|CS|TAMS 0x00000006cff00000, 0x00000006cff00000| Complete 

Card table byte_map: [0x000000011acec000,0x000000011b4ec000] _byte_map_base: 0x00000001176ec000

Marking Bits (Prev, Next): (CMBitMap*) 0x000000013c82f418, (CMBitMap*) 0x000000013c82f450
 Prev Bits: [0x000000011bcec000, 0x000000011fcec000)
 Next Bits: [0x000000011fcec000, 0x0000000123cec000)

Polling page: 0x00000001006c0000

Metaspace:

Usage:
  Non-class:     12.08 MB capacity,    11.67 MB ( 97%) used,   351.88 KB (  3%) free+waste,    61.44 KB ( <1%) overhead. 
      Class:      1.75 MB capacity,     1.46 MB ( 84%) used,   254.88 KB ( 14%) free+waste,    32.75 KB (  2%) overhead. 
       Both:     13.82 MB capacity,    13.14 MB ( 95%) used,   606.75 KB (  4%) free+waste,    94.19 KB ( <1%) overhead. 

Virtual space:
  Non-class space:       14.00 MB reserved,      12.25 MB ( 88%) committed 
      Class space:        1.00 GB reserved,       1.75 MB ( <1%) committed 
             Both:        1.01 GB reserved,      14.00 MB (  1%) committed 

Chunk freelists:
   Non-Class:  48.00 KB
       Class:  5.00 KB
        Both:  53.00 KB

MaxMetaspaceSize: unlimited
CompressedClassSpaceSize: 1.00 GB
Initial GC threshold: 20.80 MB
Current GC threshold: 20.80 MB
CDS: off

CodeHeap 'non-profiled nmethods': size=120032Kb used=513Kb max_used=513Kb free=119518Kb
 bounds [0x00000001137b4000, 0x0000000113a24000, 0x000000011acec000]
CodeHeap 'profiled nmethods': size=120016Kb used=2664Kb max_used=2664Kb free=117351Kb
 bounds [0x000000010c280000, 0x000000010c520000, 0x00000001137b4000]
CodeHeap 'non-nmethods': size=5712Kb used=1209Kb max_used=1228Kb free=4502Kb
 bounds [0x000000010bcec000, 0x000000010bf5c000, 0x000000010c280000]
 total_blobs=1744 nmethods=1279 adapters=390
 compilation: enabled
              stopped_count=0, restarted_count=0
 full_count=0

Compilation events (20 events):
Event: 0.595 Thread 0x0000000126810800 nmethod 1381 0x0000000113833990 code [0x0000000113833b40, 0x0000000113833c40]
Event: 0.596 Thread 0x0000000126811800 nmethod 1382 0x000000010c513e90 code [0x000000010c514100, 0x000000010c514790]
Event: 0.596 Thread 0x0000000126811800 1384       3       java.util.ArrayList::set (24 bytes)
Event: 0.596 Thread 0x0000000126811800 nmethod 1384 0x000000010c514a10 code [0x000000010c514c80, 0x000000010c515720]
Event: 0.596 Thread 0x0000000126811800 1383       1       java.util.concurrent.atomic.AtomicLong::get (5 bytes)
Event: 0.596 Thread 0x0000000126811800 nmethod 1383 0x0000000113833d10 code [0x0000000113833ec0, 0x0000000113834010]
Event: 0.596 Thread 0x0000000126811800 1386       3       jdk.internal.reflect.MagicAccessorImpl::<init> (5 bytes)
Event: 0.596 Thread 0x0000000126811800 nmethod 1386 0x000000010c515b10 code [0x000000010c515cc0, 0x000000010c515ed0]
Event: 0.596 Thread 0x0000000126811800 1385       3       java.lang.Class::newReflectionData (66 bytes)
Event: 0.596 Thread 0x0000000126811800 nmethod 1385 0x000000010c515f90 code [0x000000010c516200, 0x000000010c516c40]
Event: 0.596 Thread 0x0000000126811800 1390       3       java.lang.StringBuilder::append (8 bytes)
Event: 0.597 Thread 0x0000000126811800 nmethod 1390 0x000000010c516f90 code [0x000000010c517140, 0x000000010c517340]
Event: 0.597 Thread 0x0000000126811800 1387       3       java.lang.invoke.MethodHandles$Lookup::findBoundCallerLookup (26 bytes)
Event: 0.597 Thread 0x0000000126810800 1391       4       java.lang.invoke.MethodTypeForm::canonicalize (233 bytes)
Event: 0.597 Thread 0x0000000126811800 nmethod 1387 0x000000010c517410 code [0x000000010c517680, 0x000000010c517f30]
Event: 0.597 Thread 0x0000000126811800 1388       3       java.lang.invoke.MethodHandles$Lookup::checkMethod (83 bytes)
Event: 0.597 Thread 0x0000000126811800 nmethod 1388 0x000000010c518210 code [0x000000010c5184c0, 0x000000010c518d70]
Event: 0.597 Thread 0x0000000126811800 1389       3       java.lang.invoke.MethodHandles$Lookup::maybeBindCaller (47 bytes)
Event: 0.597 Thread 0x0000000126810800 nmethod 1391 0x0000000113834090 code [0x0000000113834240, 0x0000000113834360]
Event: 0.597 Thread 0x0000000126811800 nmethod 1389 0x000000010c519090 code [0x000000010c519340, 0x000000010c519ce0]

GC Heap History (2 events):
Event: 0.527 GC heap before
{Heap before GC invocations=0 (full 0):
 garbage-first heap   total 262144K, used 94208K [0x00000006c0000000, 0x00000007c0000000)
  region size 1024K, 24 young (24576K), 0 survivors (0K)
 Metaspace       used 13014K, capacity 13678K, committed 13824K, reserved 1060864K
  class space    used 1455K, capacity 1713K, committed 1792K, reserved 1048576K
}
Event: 0.531 GC heap after
{Heap after GC invocations=1 (full 0):
 garbage-first heap   total 262144K, used 74122K [0x00000006c0000000, 0x00000007c0000000)
  region size 1024K, 3 young (3072K), 3 survivors (3072K)
 Metaspace       used 13014K, capacity 13678K, committed 13824K, reserved 1060864K
  class space    used 1455K, capacity 1713K, committed 1792K, reserved 1048576K
}

Deoptimization events (20 events):
Event: 0.590 Thread 0x000000014d809000 Uncommon trap: trap_request=0xffffffc6 fr.pc=0x00000001137ea0f0 relative=0x0000000000001630
Event: 0.590 Thread 0x000000014d809000 Uncommon trap: reason=bimorphic_or_optimized_type_check action=maybe_recompile pc=0x00000001137ea0f0 method=java.util.HashMap.putVal(ILjava/lang/Object;Ljava/lang/Object;ZZ)Ljava/lang/Object; @ 56 c2
Event: 0.590 Thread 0x000000014d809000 DEOPT PACKING pc=0x00000001137ea0f0 sp=0x000000016fae0c50
Event: 0.590 Thread 0x000000014d809000 DEOPT UNPACKING pc=0x000000010bd20d9c sp=0x000000016fae0b70 mode 2
Event: 0.593 Thread 0x000000014d809000 Uncommon trap: trap_request=0xffffff4d fr.pc=0x00000001137f2620 relative=0x0000000000000360
Event: 0.593 Thread 0x000000014d809000 Uncommon trap: reason=unstable_if action=reinterpret pc=0x00000001137f2620 method=java.lang.AbstractStringBuilder.putStringAt(ILjava/lang/String;)V @ 8 c2
Event: 0.593 Thread 0x000000014d809000 DEOPT PACKING pc=0x00000001137f2620 sp=0x000000016fae3490
Event: 0.593 Thread 0x000000014d809000 DEOPT UNPACKING pc=0x000000010bd20d9c sp=0x000000016fae3380 mode 2
Event: 0.593 Thread 0x000000014d809000 Uncommon trap: trap_request=0xffffff4d fr.pc=0x00000001137f0c9c relative=0x000000000000035c
Event: 0.593 Thread 0x000000014d809000 Uncommon trap: reason=unstable_if action=reinterpret pc=0x00000001137f0c9c method=java.lang.AbstractStringBuilder.putStringAt(ILjava/lang/String;)V @ 8 c2
Event: 0.593 Thread 0x000000014d809000 DEOPT PACKING pc=0x00000001137f0c9c sp=0x000000016fae3440
Event: 0.593 Thread 0x000000014d809000 DEOPT UNPACKING pc=0x000000010bd20d9c sp=0x000000016fae3390 mode 2
Event: 0.593 Thread 0x000000014d809000 Uncommon trap: trap_request=0xffffff4d fr.pc=0x00000001137efd80 relative=0x00000000000000c0
Event: 0.593 Thread 0x000000014d809000 Uncommon trap: reason=unstable_if action=reinterpret pc=0x00000001137efd80 method=java.lang.String.getBytes([BIB)V @ 5 c2
Event: 0.593 Thread 0x000000014d809000 DEOPT PACKING pc=0x00000001137efd80 sp=0x000000016fae3340
Event: 0.593 Thread 0x000000014d809000 DEOPT UNPACKING pc=0x000000010bd20d9c sp=0x000000016fae32f0 mode 2
Event: 0.593 Thread 0x000000014d809000 Uncommon trap: trap_request=0xffffff4d fr.pc=0x00000001138051bc relative=0x00000000000002bc
Event: 0.593 Thread 0x000000014d809000 Uncommon trap: reason=unstable_if action=reinterpret pc=0x00000001138051bc method=java.lang.AbstractStringBuilder.isLatin1()Z @ 10 c2
Event: 0.593 Thread 0x000000014d809000 DEOPT PACKING pc=0x00000001138051bc sp=0x000000016fae34b0
Event: 0.593 Thread 0x000000014d809000 DEOPT UNPACKING pc=0x000000010bd20d9c sp=0x000000016fae3430 mode 2

Classes redefined (2 events):
Event: 247.897 Thread 0x000000014d055000 redefined class name=dhl.controller.player_logic.AITest, count=1
Event: 659.864 Thread 0x000000014d055000 redefined class name=dhl.controller.player_logic.AITest, count=2

Internal exceptions (20 events):
Event: 0.227 Thread 0x000000014d809000 Exception <a 'java/lang/IncompatibleClassChangeError'{0x00000006cf164948}: Found class java.lang.Object, but interface was expected> (0x00000006cf164948) thrown at [src/hotspot/share/interpreter/linkResolver.cpp, line 839]
Event: 0.231 Thread 0x000000014d809000 Exception <a 'java/lang/IncompatibleClassChangeError'{0x00000006cf1ac1c0}: Found class java.lang.Object, but interface was expected> (0x00000006cf1ac1c0) thrown at [src/hotspot/share/interpreter/linkResolver.cpp, line 839]
Event: 0.232 Thread 0x000000014d809000 Exception <a 'java/lang/NoSuchMethodError'{0x00000006cf1d1078}: 'void java.lang.invoke.DirectMethodHandle$Holder.invokeSpecial(java.lang.Object, java.lang.Object, java.lang.Object, java.lang.Object, java.lang.Object)'> (0x00000006cf1d1078) thrown at [src/hotspot/share/interpreter/linkResolver.cpp, line 773]
Event: 0.236 Thread 0x000000014d809000 Exception <a 'java/lang/IncompatibleClassChangeError'{0x00000006cf0341e8}: Found class java.lang.Object, but interface was expected> (0x00000006cf0341e8) thrown at [src/hotspot/share/interpreter/linkResolver.cpp, line 839]
Event: 0.237 Thread 0x000000014d809000 Exception <a 'java/lang/NoSuchMethodError'{0x00000006cf04b770}: 'void java.lang.invoke.DirectMethodHandle$Holder.invokeStatic(java.lang.Object, java.lang.Object, java.lang.Object, java.lang.Object)'> (0x00000006cf04b770) thrown at [src/hotspot/share/interpreter/linkResolver.cpp, line 773]
Event: 0.238 Thread 0x000000014d809000 Exception <a 'java/lang/NoSuchMethodError'{0x00000006cf057e70}: 'java.lang.Object java.lang.invoke.DirectMethodHandle$Holder.invokeVirtual(java.lang.Object, java.lang.Object, java.lang.Object)'> (0x00000006cf057e70) thrown at [src/hotspot/share/interpreter/linkResolver.cpp, line 773]
Event: 0.239 Thread 0x000000014d809000 Exception <a 'java/lang/NoSuchMethodError'{0x00000006cf06ac80}: 'java.lang.Object java.lang.invoke.Invokers$Holder.linkToTargetMethod(java.lang.Object, int, java.lang.Object)'> (0x00000006cf06ac80) thrown at [src/hotspot/share/interpreter/linkResolver.cpp, line 773]
Event: 0.245 Thread 0x000000014d809000 Exception <a 'java/lang/NoSuchMethodError'{0x00000006cef0d8a8}: 'int java.lang.invoke.DirectMethodHandle$Holder.invokeStatic(java.lang.Object, java.lang.Object, java.lang.Object, java.lang.Object, java.lang.Object)'> (0x00000006cef0d8a8) thrown at [src/hotspot/share/interpreter/linkResolver.cpp, line 773]
Event: 0.246 Thread 0x000000014d809000 Exception <a 'java/lang/NoSuchMethodError'{0x00000006cef36fd0}: 'void java.lang.invoke.DirectMethodHandle$Holder.invokeSpecial(java.lang.Object, java.lang.Object, java.lang.Object, java.lang.Object)'> (0x00000006cef36fd0) thrown at [src/hotspot/share/interpreter/linkResolver.cpp, line 773]
Event: 0.250 Thread 0x000000014d809000 Exception <a 'java/lang/NoSuchMethodError'{0x00000006cef80a48}: 'void java.lang.invoke.DirectMethodHandle$Holder.invokeSpecial(java.lang.Object, java.lang.Object)'> (0x00000006cef80a48) thrown at [src/hotspot/share/interpreter/linkResolver.cpp, line 773]
Event: 0.257 Thread 0x000000014d809000 Exception <a 'java/lang/NoSuchMethodError'{0x00000006cee6d698}: 'int java.lang.invoke.DirectMethodHandle$Holder.invokeStaticInit(java.lang.Object, java.lang.Object, java.lang.Object)'> (0x00000006cee6d698) thrown at [src/hotspot/share/interpreter/linkResolver.cpp, line 773]
Event: 0.273 Thread 0x000000014d809000 Exception <a 'java/lang/NoSuchMethodError'{0x00000006ced77f28}: 'void java.lang.invoke.DirectMethodHandle$Holder.invokeStatic(java.lang.Object, java.lang.Object, java.lang.Object, java.lang.Object, java.lang.Object)'> (0x00000006ced77f28) thrown at [src/hotspot/share/interpreter/linkResolver.cpp, line 773]
Event: 0.273 Thread 0x000000014d809000 Exception <a 'java/lang/NoSuchMethodError'{0x00000006ced868e0}: 'java.lang.Object java.lang.invoke.Invokers$Holder.linkToTargetMethod(java.lang.Object, java.lang.Object, java.lang.Object, java.lang.Object, java.lang.Object, java.lang.Object, java.lang.Object)'> (0x00000006ced868e0) thrown at [src/hotspot/share/interpreter/linkResolver.cpp, line 773]
Event: 0.274 Thread 0x000000014d809000 Exception <a 'java/lang/NoSuchMethodError'{0x00000006ced911a8}: 'java.lang.Object java.lang.invoke.DirectMethodHandle$Holder.invokeInterface(java.lang.Object, java.lang.Object, java.lang.Object, java.lang.Object, java.lang.Object)'> (0x00000006ced911a8) thrown at [src/hotspot/share/interpreter/linkResolver.cpp, line 773]
Event: 0.274 Thread 0x000000014d809000 Exception <a 'java/lang/IncompatibleClassChangeError'{0x00000006ced94900}: Found class java.lang.Object, but interface was expected> (0x00000006ced94900) thrown at [src/hotspot/share/interpreter/linkResolver.cpp, line 839]
Event: 0.278 Thread 0x000000014d809000 Exception <a 'java/lang/IncompatibleClassChangeError'{0x00000006cedee840}: Found class java.lang.Object, but interface was expected> (0x00000006cedee840) thrown at [src/hotspot/share/interpreter/linkResolver.cpp, line 839]
Event: 0.290 Thread 0x000000014d809000 Exception <a 'java/lang/NoSuchMethodError'{0x00000006cece0ef0}: 'java.lang.Object java.lang.invoke.DirectMethodHandle$Holder.invokeStatic(java.lang.Object, java.lang.Object, java.lang.Object, java.lang.Object, java.lang.Object, java.lang.Object, java.lang.Object, java.lang.Object, int)'> (0x00000006cece0ef0) thrown at [src/hotspot/share/interpreter/linkResolver.cpp, line 773]
Event: 0.290 Thread 0x000000014d809000 Exception <a 'java/lang/NoSuchMethodError'{0x00000006cecfc528}: 'java.lang.Object java.lang.invoke.DirectMethodHandle$Holder.invokeStatic(java.lang.Object, java.lang.Object, java.lang.Object, java.lang.Object, java.lang.Object, java.lang.Object, java.lang.Object, java.lang.Object, int, int)'> (0x00000006cecfc528) thrown at [src/hotspot/share/interpreter/linkResolver.cpp, line 773]
Event: 0.291 Thread 0x000000014d809000 Exception <a 'java/lang/NoSuchMethodError'{0x00000006ceb191a8}: 'java.lang.Object java.lang.invoke.DirectMethodHandle$Holder.invokeStatic(java.lang.Object, java.lang.Object, java.lang.Object, java.lang.Object, java.lang.Object, java.lang.Object, java.lang.Object, java.lang.Object, int, int, java.lang.Object)'> (0x00000006ceb191a8) thrown at [src/hotspot/share/interpreter/linkResolver.cpp, line 773]
Event: 0.313 Thread 0x000000014c865000 Exception <a 'java/lang/NoSuchMethodError'{0x00000006ce907460}: 'java.lang.Object java.lang.invoke.DirectMethodHandle$Holder.invokeStatic(java.lang.Object, java.lang.Object, java.lang.Object, java.lang.Object, java.lang.Object, java.lang.Object, java.lang.Object, java.lang.Object, java.lang.Object, java.lang.Object, java.lang.Object, java.lang.Object, int)'> (0x00000006ce907460) thrown at [src/hotspot/share/interpreter/linkResolver.cpp, line 773]

Events (20 events):
Event: 619.509 Executing VM operation: ChangeBreakpoints done
Event: 659.848 Executing VM operation: ChangeBreakpoints
Event: 659.848 Executing VM operation: ChangeBreakpoints done
Event: 659.849 Executing VM operation: RedefineClasses
Event: 659.865 Executing VM operation: RedefineClasses done
Event: 659.865 Executing VM operation: GetFrameCount
Event: 659.865 Executing VM operation: GetFrameCount done
Event: 659.865 Executing VM operation: GetFrameCount
Event: 659.866 Executing VM operation: GetFrameCount done
Event: 659.866 Executing VM operation: GetStackTrace
Event: 659.866 Executing VM operation: GetStackTrace done
Event: 659.899 Executing VM operation: ChangeBreakpoints
Event: 659.899 Executing VM operation: ChangeBreakpoints done
Event: 659.912 Executing VM operation: GetFrameCount
Event: 659.912 Executing VM operation: GetFrameCount done
Event: 659.912 Executing VM operation: GetStackTrace
Event: 659.912 Executing VM operation: GetStackTrace done
Event: 659.919 Executing VM operation: GetFrameLocation
Event: 659.919 Executing VM operation: GetFrameLocation done
Event: 659.919 Executing VM operation: GetOrSetLocal


Dynamic libraries:
0x0000000100668000 	/Users/cgathmann/Library/Java/JavaVirtualMachines/liberica-11.0.15/lib/jli/libjli.dylib
0x000000019b21b000 	/System/Library/Frameworks/Cocoa.framework/Versions/A/Cocoa
0x0000000186d27000 	/System/Library/Frameworks/AppKit.framework/Versions/C/AppKit
0x0000000189689000 	/System/Library/Frameworks/CoreData.framework/Versions/A/CoreData
0x00000001849c6000 	/System/Library/Frameworks/Foundation.framework/Versions/C/Foundation
0x000000018f027000 	/usr/lib/libSystem.B.dylib
0x0000000187c1f000 	/System/Library/PrivateFrameworks/UIFoundation.framework/Versions/A/UIFoundation
0x00000001f3ad1000 	/System/Library/PrivateFrameworks/CollectionViewCore.framework/Versions/A/CollectionViewCore
0x000000019570e000 	/System/Library/PrivateFrameworks/RemoteViewServices.framework/Versions/A/RemoteViewServices
0x000000018d4db000 	/System/Library/PrivateFrameworks/XCTTargetBootstrap.framework/Versions/A/XCTTargetBootstrap
0x0000000190e29000 	/System/Library/PrivateFrameworks/InternationalSupport.framework/Versions/A/InternationalSupport
0x0000000190eb0000 	/System/Library/PrivateFrameworks/UserActivity.framework/Versions/A/UserActivity
0x000000020a038000 	/System/Library/PrivateFrameworks/WindowManagement.framework/Versions/A/WindowManagement
0x0000000184690000 	/System/Library/Frameworks/SystemConfiguration.framework/Versions/A/SystemConfiguration
0x00000001902e5000 	/usr/lib/libspindump.dylib
0x0000000187dc1000 	/System/Library/Frameworks/UniformTypeIdentifiers.framework/Versions/A/UniformTypeIdentifiers
0x000000018b748000 	/usr/lib/libapp_launch_measurement.dylib
0x000000018ac11000 	/System/Library/PrivateFrameworks/CoreAnalytics.framework/Versions/A/CoreAnalytics
0x000000018b74f000 	/System/Library/PrivateFrameworks/CoreAutoLayout.framework/Versions/A/CoreAutoLayout
0x000000018cc3f000 	/System/Library/Frameworks/Metal.framework/Versions/A/Metal
0x000000018dc29000 	/usr/lib/liblangid.dylib
0x000000018d4e1000 	/System/Library/PrivateFrameworks/CoreSVG.framework/Versions/A/CoreSVG
0x00000001886d5000 	/System/Library/PrivateFrameworks/SkyLight.framework/Versions/A/SkyLight
0x0000000188ada000 	/System/Library/Frameworks/CoreGraphics.framework/Versions/A/CoreGraphics
0x0000000195dd1000 	/System/Library/Frameworks/Accelerate.framework/Versions/A/Accelerate
0x000000018fd2c000 	/System/Library/PrivateFrameworks/IconServices.framework/Versions/A/IconServices
0x000000018cc1f000 	/System/Library/Frameworks/IOSurface.framework/Versions/A/IOSurface
0x000000018ac3e000 	/usr/lib/libDiagnosticMessagesClient.dylib
0x000000018ef71000 	/usr/lib/libz.1.dylib
0x0000000199076000 	/System/Library/Frameworks/ApplicationServices.framework/Versions/A/ApplicationServices
0x000000018d4c3000 	/System/Library/PrivateFrameworks/DFRFoundation.framework/Versions/A/DFRFoundation
0x00000001865ab000 	/usr/lib/libicucore.A.dylib
0x00000001921e2000 	/System/Library/Frameworks/AudioToolbox.framework/Versions/A/AudioToolbox
0x0000000190e34000 	/System/Library/PrivateFrameworks/DataDetectorsCore.framework/Versions/A/DataDetectorsCore
0x00000001a825c000 	/System/Library/PrivateFrameworks/TextInput.framework/Versions/A/TextInput
0x000000018863b000 	/usr/lib/libMobileGestalt.dylib
0x000000018d18f000 	/System/Library/Frameworks/Carbon.framework/Versions/A/Frameworks/HIToolbox.framework/Versions/A/HIToolbox
0x000000018b0e2000 	/System/Library/Frameworks/QuartzCore.framework/Versions/A/QuartzCore
0x0000000186216000 	/System/Library/Frameworks/Security.framework/Versions/A/Security
0x000000019574e000 	/System/Library/Frameworks/Carbon.framework/Versions/A/Frameworks/SpeechRecognition.framework/Versions/A/SpeechRecognition
0x000000018b48c000 	/System/Library/PrivateFrameworks/CoreUI.framework/Versions/A/CoreUI
0x0000000185b3f000 	/System/Library/Frameworks/CoreAudio.framework/Versions/A/CoreAudio
0x000000018ad22000 	/System/Library/Frameworks/DiskArbitration.framework/Versions/A/DiskArbitration
0x0000000190714000 	/System/Library/PrivateFrameworks/MultitouchSupport.framework/Versions/A/MultitouchSupport
0x0000000188639000 	/usr/lib/libenergytrace.dylib
0x0000000186bea000 	/System/Library/Frameworks/IOKit.framework/Versions/A/IOKit
0x0000000195b2d000 	/System/Library/Frameworks/CoreServices.framework/Versions/A/CoreServices
0x000000018b6d5000 	/System/Library/PrivateFrameworks/PerformanceAnalysis.framework/Versions/A/PerformanceAnalysis
0x00000001d19ec000 	/System/Library/Frameworks/OpenGL.framework/Versions/A/OpenGL
0x000000018b799000 	/usr/lib/libxml2.2.dylib
0x000000018e5db000 	/System/Library/PrivateFrameworks/MobileKeyBag.framework/Versions/A/MobileKeyBag
0x000000018375c000 	/usr/lib/libobjc.A.dylib
0x0000000183984000 	/usr/lib/libc++.1.dylib
0x0000000189122000 	/System/Library/Frameworks/ColorSync.framework/Versions/A/ColorSync
0x0000000183aa1000 	/System/Library/Frameworks/CoreFoundation.framework/Versions/A/CoreFoundation
0x000000018d856000 	/System/Library/Frameworks/CoreImage.framework/Versions/A/CoreImage
0x0000000185962000 	/System/Library/Frameworks/CoreText.framework/Versions/A/CoreText
0x000000018d51a000 	/System/Library/Frameworks/ImageIO.framework/Versions/A/ImageIO
0x000000018f02d000 	/System/Library/PrivateFrameworks/SoftLinking.framework/Versions/A/SoftLinking
0x000000018f2c0000 	/usr/lib/libcompression.dylib
0x0000000190d85000 	/System/Library/PrivateFrameworks/TextureIO.framework/Versions/A/TextureIO
0x000000018f9fe000 	/usr/lib/libate.dylib
0x000000018f021000 	/usr/lib/system/libcache.dylib
0x000000018efde000 	/usr/lib/system/libcommonCrypto.dylib
0x000000018f008000 	/usr/lib/system/libcompiler_rt.dylib
0x000000018effe000 	/usr/lib/system/libcopyfile.dylib
0x0000000183802000 	/usr/lib/system/libcorecrypto.dylib
0x00000001838b9000 	/usr/lib/system/libdispatch.dylib
0x0000000183a49000 	/usr/lib/system/libdyld.dylib
0x000000018f017000 	/usr/lib/system/libkeymgr.dylib
0x000000018efbc000 	/usr/lib/system/libmacho.dylib
0x000000018e6cd000 	/usr/lib/system/libquarantine.dylib
0x000000018f014000 	/usr/lib/system/libremovefile.dylib
0x000000018869f000 	/usr/lib/system/libsystem_asl.dylib
0x00000001837a0000 	/usr/lib/system/libsystem_blocks.dylib
0x0000000183903000 	/usr/lib/system/libsystem_c.dylib
0x000000018f00c000 	/usr/lib/system/libsystem_collections.dylib
0x000000018dc18000 	/usr/lib/system/libsystem_configuration.dylib
0x000000018cbed000 	/usr/lib/system/libsystem_containermanager.dylib
0x000000018ecdf000 	/usr/lib/system/libsystem_coreservices.dylib
0x0000000186861000 	/usr/lib/system/libsystem_darwin.dylib
0x000000018f018000 	/usr/lib/system/libsystem_dnssd.dylib
0x0000000183900000 	/usr/lib/system/libsystem_featureflags.dylib
0x0000000183a75000 	/usr/lib/system/libsystem_info.dylib
0x000000018ef83000 	/usr/lib/system/libsystem_m.dylib
0x000000018388d000 	/usr/lib/system/libsystem_malloc.dylib
0x0000000188620000 	/usr/lib/system/libsystem_networkextension.dylib
0x0000000186cc6000 	/usr/lib/system/libsystem_notify.dylib
0x000000018dc1d000 	/usr/lib/system/libsystem_sandbox.dylib
0x000000018f011000 	/usr/lib/system/libsystem_secinit.dylib
0x0000000183a03000 	/usr/lib/system/libsystem_kernel.dylib
0x0000000183a6d000 	/usr/lib/system/libsystem_platform.dylib
0x0000000183a3c000 	/usr/lib/system/libsystem_pthread.dylib
0x0000000189e40000 	/usr/lib/system/libsystem_symptoms.dylib
0x00000001837e8000 	/usr/lib/system/libsystem_trace.dylib
0x000000018efeb000 	/usr/lib/system/libunwind.dylib
0x00000001837a5000 	/usr/lib/system/libxpc.dylib
0x00000001839eb000 	/usr/lib/libc++abi.dylib
0x000000018eff6000 	/usr/lib/liboah.dylib
0x000000018f8bd000 	/usr/lib/liblzma.5.dylib
0x000000018f029000 	/usr/lib/libfakelink.dylib
0x000000018825f000 	/System/Library/Frameworks/CFNetwork.framework/Versions/A/CFNetwork
0x000000018f168000 	/usr/lib/libarchive.2.dylib
0x0000000193aa3000 	/System/Library/Frameworks/Combine.framework/Versions/A/Combine
0x0000000191bb1000 	/usr/lib/swift/libswiftCore.dylib
0x00000001a53ca000 	/usr/lib/swift/libswiftCoreFoundation.dylib
0x00000001a3364000 	/usr/lib/swift/libswiftDarwin.dylib
0x000000019703e000 	/usr/lib/swift/libswiftDispatch.dylib
0x00000001a53ec000 	/usr/lib/swift/libswiftIOKit.dylib
0x000000019948f000 	/usr/lib/swift/libswiftObjectiveC.dylib
0x00000001a53df000 	/usr/lib/swift/libswiftXPC.dylib
0x0000000210446000 	/usr/lib/swift/libswift_Concurrency.dylib
0x0000000210587000 	/usr/lib/swift/libswift_StringProcessing.dylib
0x0000000199493000 	/usr/lib/swift/libswiftos.dylib
0x0000000186b70000 	/System/Library/PrivateFrameworks/CoreServicesInternal.framework/Versions/A/CoreServicesInternal
0x000000018e6f8000 	/usr/lib/libbsm.0.dylib
0x000000018efc2000 	/usr/lib/system/libkxld.dylib
0x000000018b711000 	/System/Library/Frameworks/CoreServices.framework/Versions/A/Frameworks/FSEvents.framework/Versions/A/FSEvents
0x000000018686c000 	/System/Library/Frameworks/CoreServices.framework/Versions/A/Frameworks/CarbonCore.framework/Versions/A/CarbonCore
0x000000018ac7e000 	/System/Library/Frameworks/CoreServices.framework/Versions/A/Frameworks/Metadata.framework/Versions/A/Metadata
0x000000018ece5000 	/System/Library/Frameworks/CoreServices.framework/Versions/A/Frameworks/OSServices.framework/Versions/A/OSServices
0x000000018f1ef000 	/System/Library/Frameworks/CoreServices.framework/Versions/A/Frameworks/SearchKit.framework/Versions/A/SearchKit
0x0000000189dc5000 	/System/Library/Frameworks/CoreServices.framework/Versions/A/Frameworks/AE.framework/Versions/A/AE
0x0000000183f75000 	/System/Library/Frameworks/CoreServices.framework/Versions/A/Frameworks/LaunchServices.framework/Versions/A/LaunchServices
0x000000018f866000 	/System/Library/Frameworks/CoreServices.framework/Versions/A/Frameworks/DictionaryServices.framework/Versions/A/DictionaryServices
0x000000018b71e000 	/System/Library/Frameworks/CoreServices.framework/Versions/A/Frameworks/SharedFileList.framework/Versions/A/SharedFileList
0x000000018f28e000 	/usr/lib/libapple_nghttp2.dylib
0x000000018825b000 	/usr/lib/libnetwork.dylib
0x0000000189a55000 	/usr/lib/libsqlite3.dylib
0x0000000189e49000 	/System/Library/Frameworks/Network.framework/Versions/A/Network
0x000000020f596000 	/usr/lib/libCoreEntitlements.dylib
0x00000001fcde1000 	/System/Library/PrivateFrameworks/MessageSecurity.framework/Versions/A/MessageSecurity
0x000000018ecc1000 	/System/Library/PrivateFrameworks/AppleFSCompression.framework/Versions/A/AppleFSCompression
0x000000018e6e0000 	/usr/lib/libcoretls.dylib
0x000000018f8d6000 	/usr/lib/libcoretls_cfhelpers.dylib
0x000000018f2bb000 	/usr/lib/libpam.2.dylib
0x000000018f93c000 	/usr/lib/libxar.1.dylib
0x000000018fd07000 	/usr/lib/libheimdal-asn1.dylib
0x000000018dc25000 	/System/Library/PrivateFrameworks/AppleSystemInfo.framework/Versions/A/AppleSystemInfo
0x000000018e3de000 	/System/Library/PrivateFrameworks/IOMobileFramebuffer.framework/Versions/A/IOMobileFramebuffer
0x000000018f02e000 	/usr/lib/libpcap.A.dylib
0x0000000189e36000 	/usr/lib/libdns_services.dylib
0x0000000189a3b000 	/System/Library/PrivateFrameworks/ProtocolBuffer.framework/Versions/A/ProtocolBuffer
0x000000018ecd2000 	/usr/lib/libbz2.1.0.dylib
0x000000018e6d0000 	/usr/lib/libCheckFix.dylib
0x00000001886b7000 	/System/Library/PrivateFrameworks/TCC.framework/Versions/A/TCC
0x000000018dc2b000 	/System/Library/PrivateFrameworks/CoreNLP.framework/Versions/A/CoreNLP
0x000000018474e000 	/usr/lib/libmecabra.dylib
0x000000018ac40000 	/System/Library/PrivateFrameworks/MetadataUtilities.framework/Versions/A/MetadataUtilities
0x000000018e709000 	/usr/lib/libmecab.dylib
0x000000018471a000 	/usr/lib/libCRFSuite.dylib
0x000000018e766000 	/usr/lib/libgermantok.dylib
0x000000018f267000 	/usr/lib/libThaiTokenizer.dylib
0x000000018ad2b000 	/System/Library/Frameworks/Accelerate.framework/Versions/A/Frameworks/vImage.framework/Versions/A/vImage
0x0000000195b04000 	/System/Library/Frameworks/Accelerate.framework/Versions/A/Frameworks/vecLib.framework/Versions/A/vecLib
0x000000018f982000 	/System/Library/Frameworks/Accelerate.framework/Versions/A/Frameworks/vecLib.framework/Versions/A/libvMisc.dylib
0x000000018e2dd000 	/System/Library/Frameworks/Accelerate.framework/Versions/A/Frameworks/vecLib.framework/Versions/A/libvDSP.dylib
0x0000000184321000 	/System/Library/Frameworks/Accelerate.framework/Versions/A/Frameworks/vecLib.framework/Versions/A/libBLAS.dylib
0x000000018f392000 	/System/Library/Frameworks/Accelerate.framework/Versions/A/Frameworks/vecLib.framework/Versions/A/libLAPACK.dylib
0x000000018e769000 	/System/Library/Frameworks/Accelerate.framework/Versions/A/Frameworks/vecLib.framework/Versions/A/libLinearAlgebra.dylib
0x000000018f2a6000 	/System/Library/Frameworks/Accelerate.framework/Versions/A/Frameworks/vecLib.framework/Versions/A/libSparseBLAS.dylib
0x000000018f38d000 	/System/Library/Frameworks/Accelerate.framework/Versions/A/Frameworks/vecLib.framework/Versions/A/libQuadrature.dylib
0x000000018dd25000 	/System/Library/Frameworks/Accelerate.framework/Versions/A/Frameworks/vecLib.framework/Versions/A/libBNNS.dylib
0x0000000184629000 	/System/Library/Frameworks/Accelerate.framework/Versions/A/Frameworks/vecLib.framework/Versions/A/libSparse.dylib
0x00000001fc169000 	/System/Library/PrivateFrameworks/MIL.framework/Versions/A/MIL
0x000000018f063000 	/usr/lib/libiconv.2.dylib
0x000000018efbb000 	/usr/lib/libcharset.1.dylib
0x000000018dd1f000 	/System/Library/PrivateFrameworks/LinguisticData.framework/Versions/A/LinguisticData
0x00000001845dc000 	/System/Library/PrivateFrameworks/Lexicon.framework/Versions/A/Lexicon
0x000000018f97a000 	/usr/lib/libChineseTokenizer.dylib
0x000000018540f000 	/System/Library/PrivateFrameworks/LanguageModeling.framework/Versions/A/LanguageModeling
0x000000018f269000 	/System/Library/PrivateFrameworks/AppleSauce.framework/Versions/A/AppleSauce
0x000000018f156000 	/usr/lib/libcmph.dylib
0x000000018e3cb000 	/System/Library/PrivateFrameworks/CoreEmoji.framework/Versions/A/CoreEmoji
0x000000018b6f1000 	/System/Library/Frameworks/OpenDirectory.framework/Versions/A/Frameworks/CFOpenDirectory.framework/Versions/A/CFOpenDirectory
0x000000018b6e1000 	/System/Library/Frameworks/OpenDirectory.framework/Versions/A/OpenDirectory
0x000000018f8d8000 	/System/Library/PrivateFrameworks/APFS.framework/Versions/A/APFS
0x000000018e612000 	/System/Library/Frameworks/SecurityFoundation.framework/Versions/A/SecurityFoundation
0x000000018f94b000 	/usr/lib/libutil.dylib
0x00000001fb1c9000 	/System/Library/PrivateFrameworks/InstalledContentLibrary.framework/Versions/A/InstalledContentLibrary
0x0000000186bad000 	/System/Library/PrivateFrameworks/CoreServicesStore.framework/Versions/A/CoreServicesStore
0x00000001f2381000 	/System/Library/PrivateFrameworks/AppleMobileFileIntegrity.framework/Versions/A/AppleMobileFileIntegrity
0x00000001a53a9000 	/usr/lib/libmis.dylib
0x00000001b2e63000 	/System/Library/PrivateFrameworks/MobileSystemServices.framework/Versions/A/MobileSystemServices
0x00000001ccd6c000 	/System/Library/PrivateFrameworks/ConfigProfileHelper.framework/Versions/A/ConfigProfileHelper
0x000000018f94f000 	/usr/lib/libxslt.1.dylib
0x000000018e6a4000 	/System/Library/PrivateFrameworks/BackgroundTaskManagement.framework/Versions/A/BackgroundTaskManagement
0x00000002104e4000 	/usr/lib/swift/libswift_RegexParser.dylib
0x00000001905da000 	/System/Library/PrivateFrameworks/AppleJPEG.framework/Versions/A/AppleJPEG
0x000000018fcec000 	/usr/lib/libexpat.1.dylib
0x0000000190bf0000 	/System/Library/Frameworks/ImageIO.framework/Versions/A/Resources/libPng.dylib
0x0000000190c1b000 	/System/Library/Frameworks/ImageIO.framework/Versions/A/Resources/libTIFF.dylib
0x0000000190d03000 	/System/Library/Frameworks/ImageIO.framework/Versions/A/Resources/libGIF.dylib
0x000000019061f000 	/System/Library/Frameworks/ImageIO.framework/Versions/A/Resources/libJP2.dylib
0x0000000190ca7000 	/System/Library/Frameworks/ImageIO.framework/Versions/A/Resources/libJPEG.dylib
0x0000000190c9e000 	/System/Library/Frameworks/ImageIO.framework/Versions/A/Resources/libRadiance.dylib
0x000000018d019000 	/System/Library/PrivateFrameworks/FontServices.framework/libFontParser.dylib
0x0000000189d67000 	/System/Library/PrivateFrameworks/RunningBoardServices.framework/Versions/A/RunningBoardServices
0x000000019b92f000 	/System/Library/PrivateFrameworks/IOSurfaceAccelerator.framework/Versions/A/IOSurfaceAccelerator
0x0000000190710000 	/System/Library/PrivateFrameworks/WatchdogClient.framework/Versions/A/WatchdogClient
0x0000000185587000 	/System/Library/Frameworks/CoreDisplay.framework/Versions/A/CoreDisplay
0x000000018ce31000 	/System/Library/Frameworks/CoreMedia.framework/Versions/A/CoreMedia
0x000000018cc35000 	/System/Library/PrivateFrameworks/IOAccelerator.framework/Versions/A/IOAccelerator
0x000000018b882000 	/System/Library/Frameworks/CoreVideo.framework/Versions/A/CoreVideo
0x000000018f2b9000 	/System/Library/Frameworks/MetalPerformanceShaders.framework/Versions/A/MetalPerformanceShaders
0x000000019074f000 	/System/Library/Frameworks/VideoToolbox.framework/Versions/A/VideoToolbox
0x0000000189cad000 	/System/Library/PrivateFrameworks/BaseBoard.framework/Versions/A/BaseBoard
0x0000000190c99000 	/System/Library/PrivateFrameworks/GPUWrangler.framework/Versions/A/GPUWrangler
0x0000000190c79000 	/System/Library/PrivateFrameworks/IOPresentment.framework/Versions/A/IOPresentment
0x0000000190ca1000 	/System/Library/PrivateFrameworks/DSExternalDisplay.framework/Versions/A/DSExternalDisplay
0x00000001f7ac9000 	/System/Library/PrivateFrameworks/GPUCompiler.framework/Versions/31001/Libraries/libllvm-flatbuffers.dylib
0x00000001d19df000 	/System/Library/Frameworks/OpenGL.framework/Versions/A/Libraries/libCoreFSCache.dylib
0x00000001f7ac5000 	/System/Library/PrivateFrameworks/GPUCompiler.framework/Versions/31001/Libraries/libGPUCompilerUtils.dylib
0x0000000190d09000 	/System/Library/PrivateFrameworks/CMCaptureCore.framework/Versions/A/CMCaptureCore
0x00000001ed6b5000 	/System/Library/Frameworks/ExtensionFoundation.framework/Versions/A/ExtensionFoundation
0x0000000197840000 	/System/Library/PrivateFrameworks/CoreTime.framework/Versions/A/CoreTime
0x00000001902d0000 	/System/Library/PrivateFrameworks/AppServerSupport.framework/Versions/A/AppServerSupport
0x0000000192ab5000 	/System/Library/PrivateFrameworks/perfdata.framework/Versions/A/perfdata
0x00000001856a7000 	/System/Library/PrivateFrameworks/AudioToolboxCore.framework/Versions/A/AudioToolboxCore
0x000000018ce07000 	/System/Library/PrivateFrameworks/caulk.framework/Versions/A/caulk
0x000000019237e000 	/usr/lib/libAudioStatistics.dylib
0x00000001a4806000 	/System/Library/PrivateFrameworks/SystemPolicy.framework/Versions/A/SystemPolicy
0x0000000192614000 	/usr/lib/libSMC.dylib
0x000000019b0f4000 	/System/Library/Frameworks/CoreMIDI.framework/Versions/A/CoreMIDI
0x0000000190bbd000 	/usr/lib/libAudioToolboxUtility.dylib
0x00000001a066c000 	/System/Library/PrivateFrameworks/OSAServicesClient.framework/Versions/A/OSAServicesClient
0x0000000192ac2000 	/usr/lib/libperfcheck.dylib
0x000000018b920000 	/System/Library/PrivateFrameworks/UserManagement.framework/Versions/A/UserManagement
0x000000018fbd7000 	/System/Library/PrivateFrameworks/PlugInKit.framework/Versions/A/PlugInKit
0x000000018e604000 	/System/Library/PrivateFrameworks/AssertionServices.framework/Versions/A/AssertionServices
0x000000018dc23000 	/System/Library/PrivateFrameworks/AggregateDictionary.framework/Versions/A/AggregateDictionary
0x00000001d1a41000 	/System/Library/Frameworks/OpenGL.framework/Versions/A/Libraries/libGLU.dylib
0x00000001d1a00000 	/System/Library/Frameworks/OpenGL.framework/Versions/A/Libraries/libGFXShared.dylib
0x00000001d1be7000 	/System/Library/Frameworks/OpenGL.framework/Versions/A/Libraries/libGL.dylib
0x00000001d1a09000 	/System/Library/Frameworks/OpenGL.framework/Versions/A/Libraries/libGLImage.dylib
0x00000001d19fd000 	/System/Library/Frameworks/OpenGL.framework/Versions/A/Libraries/libCVMSPluginSupport.dylib
0x000000020f710000 	/usr/lib/libRosetta.dylib
0x00000001d19e6000 	/System/Library/Frameworks/OpenGL.framework/Versions/A/Libraries/libCoreVMClient.dylib
0x000000018dba5000 	/System/Library/Frameworks/MetalPerformanceShaders.framework/Versions/A/Frameworks/MPSCore.framework/Versions/A/MPSCore
0x000000018ec37000 	/System/Library/Frameworks/MetalPerformanceShaders.framework/Versions/A/Frameworks/MPSImage.framework/Versions/A/MPSImage
0x000000018e77e000 	/System/Library/Frameworks/MetalPerformanceShaders.framework/Versions/A/Frameworks/MPSNeuralNetwork.framework/Versions/A/MPSNeuralNetwork
0x000000018eb69000 	/System/Library/Frameworks/MetalPerformanceShaders.framework/Versions/A/Frameworks/MPSMatrix.framework/Versions/A/MPSMatrix
0x000000018e97b000 	/System/Library/Frameworks/MetalPerformanceShaders.framework/Versions/A/Frameworks/MPSRayIntersector.framework/Versions/A/MPSRayIntersector
0x000000018eb95000 	/System/Library/Frameworks/MetalPerformanceShaders.framework/Versions/A/Frameworks/MPSNDArray.framework/Versions/A/MPSNDArray
0x00000001edd28000 	/System/Library/Frameworks/MetalPerformanceShaders.framework/Versions/A/Frameworks/MPSFunctions.framework/Versions/A/MPSFunctions
0x00000001841e7000 	/System/Library/PrivateFrameworks/MetalTools.framework/Versions/A/MetalTools
0x000000018fa90000 	/usr/lib/libIOReport.dylib
0x000000019a33b000 	/System/Library/PrivateFrameworks/ASEProcessing.framework/Versions/A/ASEProcessing
0x000000018fe6e000 	/System/Library/PrivateFrameworks/GraphVisualizer.framework/Versions/A/GraphVisualizer
0x00000001f79d6000 	/System/Library/PrivateFrameworks/FontServices.framework/Versions/A/FontServices
0x000000019028e000 	/System/Library/PrivateFrameworks/OTSVG.framework/Versions/A/OTSVG
0x000000018b43b000 	/System/Library/Frameworks/ApplicationServices.framework/Versions/A/Frameworks/ATS.framework/Versions/A/Resources/libFontRegistry.dylib
0x00000001902da000 	/System/Library/PrivateFrameworks/FontServices.framework/libhvf.dylib
0x00000001f79d7000 	/System/Library/PrivateFrameworks/FontServices.framework/libXTFontStaticRegistryData.dylib
0x0000000208f1a000 	/System/Library/PrivateFrameworks/VideoToolboxParavirtualizationSupport.framework/Versions/A/VideoToolboxParavirtualizationSupport
0x000000018fca0000 	/System/Library/PrivateFrameworks/AppleVA.framework/Versions/A/AppleVA
0x00000001923ba000 	/System/Library/Frameworks/ApplicationServices.framework/Versions/A/Frameworks/ATS.framework/Versions/A/ATS
0x0000000189212000 	/System/Library/Frameworks/ApplicationServices.framework/Versions/A/Frameworks/HIServices.framework/Versions/A/HIServices
0x0000000190d15000 	/System/Library/Frameworks/ApplicationServices.framework/Versions/A/Frameworks/PrintCore.framework/Versions/A/PrintCore
0x000000019276d000 	/System/Library/Frameworks/ApplicationServices.framework/Versions/A/Frameworks/QD.framework/Versions/A/QD
0x0000000192761000 	/System/Library/Frameworks/ApplicationServices.framework/Versions/A/Frameworks/ColorSyncLegacy.framework/Versions/A/ColorSyncLegacy
0x0000000192392000 	/System/Library/Frameworks/ApplicationServices.framework/Versions/A/Frameworks/SpeechSynthesis.framework/Versions/A/SpeechSynthesis
0x0000000190cd3000 	/System/Library/Frameworks/ApplicationServices.framework/Versions/A/Frameworks/ATSUI.framework/Versions/A/ATSUI
0x00000001926f4000 	/usr/lib/libcups.2.dylib
0x0000000192ad0000 	/System/Library/Frameworks/Kerberos.framework/Versions/A/Kerberos
0x0000000192ae1000 	/System/Library/Frameworks/GSS.framework/Versions/A/GSS
0x000000019242a000 	/usr/lib/libresolv.9.dylib
0x00000001902ea000 	/System/Library/PrivateFrameworks/Heimdal.framework/Versions/A/Heimdal
0x0000000199413000 	/System/Library/Frameworks/Kerberos.framework/Versions/A/Libraries/libHeimdalProxy.dylib
0x0000000192b31000 	/System/Library/PrivateFrameworks/CommonAuth.framework/Versions/A/CommonAuth
0x00000001d2c38000 	/System/Library/Frameworks/AVFAudio.framework/Versions/A/AVFAudio
0x00000001a06bb000 	/System/Library/PrivateFrameworks/AXCoreUtilities.framework/Versions/A/AXCoreUtilities
0x000000019230a000 	/System/Library/PrivateFrameworks/AudioSession.framework/Versions/A/AudioSession
0x0000000193864000 	/System/Library/Frameworks/IOBluetooth.framework/Versions/A/IOBluetooth
0x000000018fd9f000 	/System/Library/PrivateFrameworks/MediaExperience.framework/Versions/A/MediaExperience
0x00000001921a8000 	/System/Library/PrivateFrameworks/AudioSession.framework/libSessionUtility.dylib
0x0000000192779000 	/System/Library/PrivateFrameworks/AudioResourceArbitration.framework/Versions/A/AudioResourceArbitration
0x000000019671e000 	/System/Library/PrivateFrameworks/PowerLog.framework/Versions/A/PowerLog
0x0000000196663000 	/System/Library/Frameworks/CoreBluetooth.framework/Versions/A/CoreBluetooth
0x0000000199414000 	/System/Library/Frameworks/AudioUnit.framework/Versions/A/AudioUnit
0x000000018e468000 	/System/Library/PrivateFrameworks/CoreUtils.framework/Versions/A/CoreUtils
0x00000001f64bc000 	/System/Library/PrivateFrameworks/CoreUtilsExtras.framework/Versions/A/CoreUtilsExtras
0x00000001fb06b000 	/System/Library/PrivateFrameworks/IO80211.framework/Versions/A/IO80211
0x000000018fd11000 	/System/Library/PrivateFrameworks/IconFoundation.framework/Versions/A/IconFoundation
0x000000019573a000 	/System/Library/PrivateFrameworks/SpeechRecognitionCore.framework/Versions/A/SpeechRecognitionCore
0x00000001012f4000 	/Users/cgathmann/Library/Java/JavaVirtualMachines/liberica-11.0.15/lib/server/libjvm.dylib
0x00000001006d8000 	/Users/cgathmann/Library/Java/JavaVirtualMachines/liberica-11.0.15/lib/libverify.dylib
0x0000000100724000 	/Users/cgathmann/Library/Java/JavaVirtualMachines/liberica-11.0.15/lib/libjava.dylib
0x00000001006f0000 	/Users/cgathmann/Library/Java/JavaVirtualMachines/liberica-11.0.15/lib/libjimage.dylib
0x00000001007a0000 	/Users/cgathmann/Library/Java/JavaVirtualMachines/liberica-11.0.15/lib/libjdwp.dylib
0x0000000100758000 	/Users/cgathmann/Library/Java/JavaVirtualMachines/liberica-11.0.15/lib/libinstrument.dylib
0x0000000100770000 	/Users/cgathmann/Library/Java/JavaVirtualMachines/liberica-11.0.15/lib/libzip.dylib
0x00000001012e0000 	/Users/cgathmann/Library/Java/JavaVirtualMachines/liberica-11.0.15/lib/libdt_socket.dylib
0x0000000139d20000 	/Users/cgathmann/Library/Java/JavaVirtualMachines/liberica-11.0.15/lib/libnio.dylib
0x0000000139d64000 	/Users/cgathmann/Library/Java/JavaVirtualMachines/liberica-11.0.15/lib/libnet.dylib
0x0000000139d40000 	/Users/cgathmann/Library/Java/JavaVirtualMachines/liberica-11.0.15/lib/libprism_es2.dylib
0x00000001d1bf1000 	/System/Library/Frameworks/OpenGL.framework/Versions/A/Resources/GLEngine.bundle/GLEngine
0x00000001d1a7b000 	/System/Library/Frameworks/OpenGL.framework/Versions/A/Libraries/libGLProgrammability.dylib
0x000000013ab7c000 	/System/Library/Extensions/AppleMetalOpenGLRenderer.bundle/Contents/MacOS/AppleMetalOpenGLRenderer
0x00000001d1d5f000 	/System/Library/Frameworks/OpenGL.framework/Versions/A/Resources/GLRendererFloat.bundle/GLRendererFloat
0x00000001cd98a000 	/System/Library/Extensions/AGXMetalG13X.bundle/Contents/MacOS/AGXMetalG13X
0x00000001a53bd000 	/System/Library/PrivateFrameworks/GPURawCounter.framework/Versions/A/GPURawCounter
0x000000019f780000 	/System/Library/PrivateFrameworks/IOGPU.framework/Versions/A/IOGPU


VM Arguments:
jvm_args: -agentlib:jdwp=transport=dt_socket,address=127.0.0.1:57269,suspend=y,server=n -ea -Didea.test.cyclic.buffer.size=1048576 -javaagent:/Users/cgathmann/Library/Caches/JetBrains/IntelliJIdea2022.1/captureAgent/debugger-agent.jar -Dfile.encoding=UTF-8 
java_command: com.intellij.rt.junit.JUnitStarter -ideVersion5 -junit5 dhl.controller.player_logic.AITest,chooseCard
java_class_path (initial): /Users/cgathmann/.m2/repository/org/junit/platform/junit-platform-launcher/1.7.1/junit-platform-launcher-1.7.1.jar:/Applications/IntelliJ IDEA.app/Contents/lib/idea_rt.jar:/Applications/IntelliJ IDEA.app/Contents/plugins/junit/lib/junit5-rt.jar:/Applications/IntelliJ IDEA.app/Contents/plugins/junit/lib/junit-rt.jar:/Users/cgathmann/Library/Mobile Documents/com~apple~CloudDocs/Documents/Programmieren/Java/dhl/target/test-classes:/Users/cgathmann/Library/Mobile Documents/com~apple~CloudDocs/Documents/Programmieren/Java/dhl/target/classes:/Users/cgathmann/.m2/repository/org/junit/jupiter/junit-jupiter-api/5.7.1/junit-jupiter-api-5.7.1.jar:/Users/cgathmann/.m2/repository/org/apiguardian/apiguardian-api/1.1.0/apiguardian-api-1.1.0.jar:/Users/cgathmann/.m2/repository/org/opentest4j/opentest4j/1.2.0/opentest4j-1.2.0.jar:/Users/cgathmann/.m2/repository/org/junit/platform/junit-platform-commons/1.7.1/junit-platform-commons-1.7.1.jar:/Users/cgathmann/.m2/repository/org/junit/jupiter/junit-jupiter-engine/5.7.1/junit-jupiter-engine-5.7.1.jar:/Users/cgathmann/.m2/repository/org/junit/platform/junit-platform-engine/1.7.1/junit-platform-engine-1.7.1.jar:/Users/cgathmann/.m2/repository/org/openjfx/javafx-controls/16/javafx-controls-16.jar:/Users/cgathmann/.m2/repository/org/openjfx/javafx-controls/16/javafx-controls-16-mac.jar:/Users/cgathmann/.m2/repository/org/openjfx/javafx-graphics/16/javafx-graphics-16.jar:/Users/cgathmann/.m2/repository/org/openjfx/javafx-graphics/16/javafx-graphics-16-mac.jar:/Users/cgathmann/.m2/repository/org/openjfx/javafx-base/16/javafx-base-16.jar:/Users/cgathmann/.m2/repository/org/openjfx/javafx-base/16/javafx-base-16-mac.jar:/Users/cgathmann/.m2/repository/org/openjfx/javafx-fxml/16/javafx-fxml-16.jar:/Users/cgathmann/.m2/repository/org/openjfx/javafx-fxml/16/javafx-fxml-16-mac.jar
Launcher Type: SUN_STANDARD

[Global flags]
     intx CICompilerCount                          = 4                                         {product} {ergonomic}
     uint ConcGCThreads                            = 2                                         {product} {ergonomic}
     uint G1ConcRefinementThreads                  = 8                                         {product} {ergonomic}
   size_t G1HeapRegionSize                         = 1048576                                   {product} {ergonomic}
    uintx GCDrainStackTargetSize                   = 64                                        {product} {ergonomic}
   size_t InitialHeapSize                          = 268435456                                 {product} {ergonomic}
   size_t MarkStackSize                            = 4194304                                   {product} {ergonomic}
   size_t MaxHeapSize                              = 4294967296                                {product} {ergonomic}
   size_t MaxNewSize                               = 2576351232                                {product} {ergonomic}
   size_t MinHeapDeltaBytes                        = 1048576                                   {product} {ergonomic}
    uintx NonNMethodCodeHeapSize                   = 5836492                                {pd product} {ergonomic}
    uintx NonProfiledCodeHeapSize                  = 122910874                              {pd product} {ergonomic}
    uintx ProfiledCodeHeapSize                     = 122910874                              {pd product} {ergonomic}
    uintx ReservedCodeCacheSize                    = 251658240                              {pd product} {ergonomic}
     bool SegmentedCodeCache                       = true                                      {product} {ergonomic}
     bool UseCompressedClassPointers               = true                                 {lp64_product} {ergonomic}
     bool UseCompressedOops                        = true                                 {lp64_product} {ergonomic}
     bool UseG1GC                                  = true                                      {product} {ergonomic}

Logging:
Log output configuration:
 #0: stdout all=warning uptime,level,tags
 #1: stderr all=off uptime,level,tags

Environment Variables:
PATH=/opt/homebrew/bin:/opt/homebrew/sbin:/Library/Frameworks/Python.framework/Versions/3.10/bin:/usr/local/bin:/System/Cryptexes/App/usr/bin:/usr/bin:/bin:/usr/sbin:/sbin:/Library/Apple/usr/bin
SHELL=/bin/zsh
LC_CTYPE=en_DE.UTF-8

Signal Handlers:
SIGSEGV: [libjvm.dylib+0x7418bc], sa_mask[0]=11111111011111110111111111111111, sa_flags=SA_ONSTACK|SA_RESTART|SA_SIGINFO
SIGBUS: [libjvm.dylib+0x7418bc], sa_mask[0]=11111111011111110111111111111111, sa_flags=SA_RESTART|SA_SIGINFO
SIGFPE: [libjvm.dylib+0x7418bc], sa_mask[0]=11111111011111110111111111111111, sa_flags=SA_RESTART|SA_SIGINFO
SIGPIPE: [libjvm.dylib+0x59d338], sa_mask[0]=11111111011111110111111111111111, sa_flags=SA_RESTART|SA_SIGINFO
SIGXFSZ: [libjvm.dylib+0x59d338], sa_mask[0]=11111111011111110111111111111111, sa_flags=SA_RESTART|SA_SIGINFO
SIGILL: [libjvm.dylib+0x7418bc], sa_mask[0]=11111111011111110111111111111111, sa_flags=SA_RESTART|SA_SIGINFO
SIGUSR2: [libjvm.dylib+0x59d938], sa_mask[0]=00100000000000000000000000000000, sa_flags=SA_RESTART|SA_SIGINFO
SIGHUP: [libjvm.dylib+0x59c0e4], sa_mask[0]=11111111011111110111111111111111, sa_flags=SA_RESTART|SA_SIGINFO
SIGINT: [libjvm.dylib+0x59c0e4], sa_mask[0]=11111111011111110111111111111111, sa_flags=SA_RESTART|SA_SIGINFO
SIGTERM: [libjvm.dylib+0x59c0e4], sa_mask[0]=11111111011111110111111111111111, sa_flags=SA_RESTART|SA_SIGINFO
SIGQUIT: [libjvm.dylib+0x59c0e4], sa_mask[0]=11111111011111110111111111111111, sa_flags=SA_RESTART|SA_SIGINFO


---------------  S Y S T E M  ---------------

OS:uname:Darwin 22.0.0 Darwin Kernel Version 22.0.0: Tue Jun 28 20:46:36 PDT 2022; root:xnu-8792.0.134.131.2~1/RELEASE_ARM64_T6000 arm64
OS uptime: 1 days 15:14 hours
rlimit (soft/hard): STACK 8176k/65520k , CORE 0k/infinity , NPROC 2666/4000 , NOFILE 10240/infinity , AS infinity/infinity , CPU infinity/infinity , DATA infinity/infinity , FSIZE infinity/infinity , MEMLOCK infinity/infinity , RSS infinity/infinity
load average:2.74 2.25 2.54

CPU:total 8 (initial active 8) 0x61:0x0:0x1b588bb3:0, simd, crc, lse

Memory: 16k page, physical 16777216k(243616k free), swap 0k(0k free)

vm_info: OpenJDK 64-Bit Server VM (11.0.15+10-LTS) for bsd-aarch64 JRE (11.0.15+10-LTS), built on Apr 19 2022 17:46:28 by "re" with clang Apple LLVM 12.0.0 (clang-1200.0.32.28)

END.
